{"/Users/yujianbo/Hypers/JiraAgileApp/index.android.js": {"path":"/Users/yujianbo/Hypers/JiraAgileApp/index.android.js","statementMap":{"0":{"start":{"line":7,"column":0},"end":{"line":16,"column":1}},"1":{"start":{"line":9,"column":2},"end":{"line":15,"column":4}},"2":{"start":{"line":18,"column":0},"end":{"line":21,"column":1}},"3":{"start":{"line":19,"column":2},"end":{"line":19,"column":34}},"4":{"start":{"line":25,"column":30},"end":{"line":25,"column":63}},"5":{"start":{"line":27,"column":27},"end":{"line":29,"column":1}},"6":{"start":{"line":31,"column":0},"end":{"line":43,"column":1}},"7":{"start":{"line":33,"column":2},"end":{"line":39,"column":3}},"8":{"start":{"line":36,"column":26},"end":{"line":36,"column":41}},"9":{"start":{"line":37,"column":4},"end":{"line":37,"column":52}},"10":{"start":{"line":38,"column":4},"end":{"line":38,"column":54}},"11":{"start":{"line":42,"column":2},"end":{"line":42,"column":32}},"12":{"start":{"line":48,"column":4},"end":{"line":50,"column":6}},"13":{"start":{"line":54,"column":0},"end":{"line":54,"column":66}},"14":{"start":{"line":54,"column":52},"end":{"line":54,"column":64}}},"fnMap":{"0":{"name":"(anonymous_0)","decl":{"start":{"line":10,"column":10},"end":{"line":10,"column":11}},"loc":{"start":{"line":10,"column":16},"end":{"line":10,"column":18}},"line":10},"1":{"name":"(anonymous_1)","decl":{"start":{"line":11,"column":9},"end":{"line":11,"column":10}},"loc":{"start":{"line":11,"column":15},"end":{"line":11,"column":17}},"line":11},"2":{"name":"(anonymous_2)","decl":{"start":{"line":12,"column":10},"end":{"line":12,"column":11}},"loc":{"start":{"line":12,"column":16},"end":{"line":12,"column":18}},"line":12},"3":{"name":"(anonymous_3)","decl":{"start":{"line":13,"column":11},"end":{"line":13,"column":12}},"loc":{"start":{"line":13,"column":17},"end":{"line":13,"column":19}},"line":13},"4":{"name":"(anonymous_4)","decl":{"start":{"line":14,"column":11},"end":{"line":14,"column":12}},"loc":{"start":{"line":14,"column":17},"end":{"line":14,"column":19}},"line":14},"5":{"name":"(anonymous_5)","decl":{"start":{"line":47,"column":2},"end":{"line":47,"column":3}},"loc":{"start":{"line":47,"column":11},"end":{"line":51,"column":3}},"line":47},"6":{"name":"(anonymous_6)","decl":{"start":{"line":54,"column":46},"end":{"line":54,"column":47}},"loc":{"start":{"line":54,"column":52},"end":{"line":54,"column":64}},"line":54}},"branchMap":{"0":{"loc":{"start":{"line":7,"column":0},"end":{"line":16,"column":1}},"type":"if","locations":[{"start":{"line":7,"column":0},"end":{"line":16,"column":1}},{"start":{"line":7,"column":0},"end":{"line":16,"column":1}}],"line":7},"1":{"loc":{"start":{"line":18,"column":0},"end":{"line":21,"column":1}},"type":"if","locations":[{"start":{"line":18,"column":0},"end":{"line":21,"column":1}},{"start":{"line":18,"column":0},"end":{"line":21,"column":1}}],"line":18},"2":{"loc":{"start":{"line":31,"column":0},"end":{"line":43,"column":1}},"type":"if","locations":[{"start":{"line":31,"column":0},"end":{"line":43,"column":1}},{"start":{"line":31,"column":0},"end":{"line":43,"column":1}}],"line":31},"3":{"loc":{"start":{"line":33,"column":2},"end":{"line":39,"column":3}},"type":"if","locations":[{"start":{"line":33,"column":2},"end":{"line":39,"column":3}},{"start":{"line":33,"column":2},"end":{"line":39,"column":3}}],"line":33}},"s":{"0":1,"1":0,"2":1,"3":1,"4":1,"5":1,"6":1,"7":1,"8":0,"9":0,"10":0,"11":0,"12":0,"13":1,"14":0},"f":{"0":0,"1":0,"2":0,"3":0,"4":0,"5":0,"6":0},"b":{"0":[0,1],"1":[1,0],"2":[1,0],"3":[0,1]},"_coverageSchema":"332fd63041d2c1bcb487cc26dd0d5f7d97098a6c","hash":"92d06c90875e9640aa965e49f70a09c8c96ccba9"}
,"/Users/yujianbo/Hypers/JiraAgileApp/index.ios.js": {"path":"/Users/yujianbo/Hypers/JiraAgileApp/index.ios.js","statementMap":{"0":{"start":{"line":11,"column":0},"end":{"line":19,"column":1}},"1":{"start":{"line":12,"column":2},"end":{"line":18,"column":4}},"2":{"start":{"line":21,"column":0},"end":{"line":37,"column":1}},"3":{"start":{"line":41,"column":4},"end":{"line":43,"column":6}},"4":{"start":{"line":48,"column":0},"end":{"line":48,"column":66}},"5":{"start":{"line":48,"column":52},"end":{"line":48,"column":64}}},"fnMap":{"0":{"name":"(anonymous_0)","decl":{"start":{"line":13,"column":10},"end":{"line":13,"column":11}},"loc":{"start":{"line":13,"column":16},"end":{"line":13,"column":18}},"line":13},"1":{"name":"(anonymous_1)","decl":{"start":{"line":14,"column":9},"end":{"line":14,"column":10}},"loc":{"start":{"line":14,"column":15},"end":{"line":14,"column":17}},"line":14},"2":{"name":"(anonymous_2)","decl":{"start":{"line":15,"column":10},"end":{"line":15,"column":11}},"loc":{"start":{"line":15,"column":16},"end":{"line":15,"column":18}},"line":15},"3":{"name":"(anonymous_3)","decl":{"start":{"line":16,"column":11},"end":{"line":16,"column":12}},"loc":{"start":{"line":16,"column":17},"end":{"line":16,"column":19}},"line":16},"4":{"name":"(anonymous_4)","decl":{"start":{"line":17,"column":11},"end":{"line":17,"column":12}},"loc":{"start":{"line":17,"column":17},"end":{"line":17,"column":19}},"line":17},"5":{"name":"(anonymous_5)","decl":{"start":{"line":40,"column":2},"end":{"line":40,"column":3}},"loc":{"start":{"line":40,"column":11},"end":{"line":44,"column":3}},"line":40},"6":{"name":"(anonymous_6)","decl":{"start":{"line":48,"column":46},"end":{"line":48,"column":47}},"loc":{"start":{"line":48,"column":52},"end":{"line":48,"column":64}},"line":48}},"branchMap":{"0":{"loc":{"start":{"line":11,"column":0},"end":{"line":19,"column":1}},"type":"if","locations":[{"start":{"line":11,"column":0},"end":{"line":19,"column":1}},{"start":{"line":11,"column":0},"end":{"line":19,"column":1}}],"line":11},"1":{"loc":{"start":{"line":21,"column":0},"end":{"line":37,"column":1}},"type":"if","locations":[{"start":{"line":21,"column":0},"end":{"line":37,"column":1}},{"start":{"line":21,"column":0},"end":{"line":37,"column":1}}],"line":21}},"s":{"0":1,"1":0,"2":1,"3":0,"4":1,"5":0},"f":{"0":0,"1":0,"2":0,"3":0,"4":0,"5":0,"6":0},"b":{"0":[0,1],"1":[1,0]},"_coverageSchema":"332fd63041d2c1bcb487cc26dd0d5f7d97098a6c","hash":"3d51f627f34a068934ffd26894d6429def2e664c"}
,"/Users/yujianbo/Hypers/JiraAgileApp/app/setup.js": {"path":"/Users/yujianbo/Hypers/JiraAgileApp/app/setup.js","statementMap":{"0":{"start":{"line":26,"column":0},"end":{"line":26,"column":30}},"1":{"start":{"line":28,"column":24},"end":{"line":28,"column":41}},"2":{"start":{"line":29,"column":14},"end":{"line":31,"column":24}},"3":{"start":{"line":33,"column":19},"end":{"line":36,"column":1}},"4":{"start":{"line":41,"column":4},"end":{"line":41,"column":17}},"5":{"start":{"line":42,"column":4},"end":{"line":44,"column":6}},"6":{"start":{"line":47,"column":4},"end":{"line":47,"column":19}},"7":{"start":{"line":50,"column":4},"end":{"line":60,"column":5}},"8":{"start":{"line":51,"column":6},"end":{"line":55,"column":9}},"9":{"start":{"line":52,"column":8},"end":{"line":54,"column":11}},"10":{"start":{"line":57,"column":6},"end":{"line":59,"column":9}},"11":{"start":{"line":64,"column":21},"end":{"line":64,"column":31}},"12":{"start":{"line":65,"column":4},"end":{"line":68,"column":6}},"13":{"start":{"line":71,"column":21},"end":{"line":71,"column":31}},"14":{"start":{"line":72,"column":4},"end":{"line":94,"column":5}},"15":{"start":{"line":98,"column":0},"end":{"line":101,"column":1}}},"fnMap":{"0":{"name":"(anonymous_0)","decl":{"start":{"line":40,"column":2},"end":{"line":40,"column":3}},"loc":{"start":{"line":40,"column":21},"end":{"line":45,"column":3}},"line":40},"1":{"name":"(anonymous_1)","decl":{"start":{"line":46,"column":2},"end":{"line":46,"column":3}},"loc":{"start":{"line":46,"column":24},"end":{"line":48,"column":3}},"line":46},"2":{"name":"(anonymous_2)","decl":{"start":{"line":49,"column":12},"end":{"line":49,"column":13}},"loc":{"start":{"line":49,"column":27},"end":{"line":62,"column":3}},"line":49},"3":{"name":"(anonymous_3)","decl":{"start":{"line":51,"column":40},"end":{"line":51,"column":41}},"loc":{"start":{"line":51,"column":55},"end":{"line":55,"column":7}},"line":51},"4":{"name":"(anonymous_4)","decl":{"start":{"line":63,"column":2},"end":{"line":63,"column":3}},"loc":{"start":{"line":63,"column":20},"end":{"line":69,"column":3}},"line":63},"5":{"name":"(anonymous_5)","decl":{"start":{"line":70,"column":2},"end":{"line":70,"column":3}},"loc":{"start":{"line":70,"column":11},"end":{"line":95,"column":3}},"line":70}},"branchMap":{"0":{"loc":{"start":{"line":50,"column":4},"end":{"line":60,"column":5}},"type":"if","locations":[{"start":{"line":50,"column":4},"end":{"line":60,"column":5}},{"start":{"line":50,"column":4},"end":{"line":60,"column":5}}],"line":50},"1":{"loc":{"start":{"line":53,"column":16},"end":{"line":53,"column":45}},"type":"cond-expr","locations":[{"start":{"line":53,"column":34},"end":{"line":53,"column":38}},{"start":{"line":53,"column":41},"end":{"line":53,"column":45}}],"line":53},"2":{"loc":{"start":{"line":58,"column":14},"end":{"line":58,"column":37}},"type":"cond-expr","locations":[{"start":{"line":58,"column":26},"end":{"line":58,"column":30}},{"start":{"line":58,"column":33},"end":{"line":58,"column":37}}],"line":58}},"s":{"0":2,"1":2,"2":2,"3":2,"4":0,"5":0,"6":0,"7":0,"8":0,"9":0,"10":0,"11":0,"12":0,"13":0,"14":0,"15":2},"f":{"0":0,"1":0,"2":0,"3":0,"4":0,"5":0},"b":{"0":[0,0],"1":[0,0],"2":[0,0]},"_coverageSchema":"332fd63041d2c1bcb487cc26dd0d5f7d97098a6c","hash":"d31de563794481f4757538e2dde453dc9ccbde7b"}
,"/Users/yujianbo/Hypers/JiraAgileApp/app/actions/actionHelper.js": {"path":"/Users/yujianbo/Hypers/JiraAgileApp/app/actions/actionHelper.js","statementMap":{"0":{"start":{"line":7,"column":2},"end":{"line":13,"column":5}},"1":{"start":{"line":8,"column":4},"end":{"line":10,"column":5}},"2":{"start":{"line":9,"column":6},"end":{"line":9,"column":28}},"3":{"start":{"line":11,"column":19},"end":{"line":11,"column":42}},"4":{"start":{"line":12,"column":4},"end":{"line":12,"column":21}},"5":{"start":{"line":27,"column":6},"end":{"line":27,"column":12}},"6":{"start":{"line":28,"column":21},"end":{"line":36,"column":3}},"7":{"start":{"line":29,"column":4},"end":{"line":35,"column":7}},"8":{"start":{"line":30,"column":6},"end":{"line":30,"column":49}},"9":{"start":{"line":31,"column":6},"end":{"line":31,"column":49}},"10":{"start":{"line":33,"column":6},"end":{"line":33,"column":40}},"11":{"start":{"line":34,"column":6},"end":{"line":34,"column":42}},"12":{"start":{"line":38,"column":2},"end":{"line":48,"column":4}},"13":{"start":{"line":39,"column":4},"end":{"line":39,"column":52}},"14":{"start":{"line":40,"column":4},"end":{"line":43,"column":5}},"15":{"start":{"line":41,"column":6},"end":{"line":41,"column":46}},"16":{"start":{"line":42,"column":6},"end":{"line":42,"column":13}},"17":{"start":{"line":45,"column":4},"end":{"line":47,"column":7}},"18":{"start":{"line":46,"column":6},"end":{"line":46,"column":66}}},"fnMap":{"0":{"name":"getServer","decl":{"start":{"line":6,"column":16},"end":{"line":6,"column":25}},"loc":{"start":{"line":6,"column":36},"end":{"line":14,"column":1}},"line":6},"1":{"name":"(anonymous_1)","decl":{"start":{"line":7,"column":39},"end":{"line":7,"column":40}},"loc":{"start":{"line":7,"column":49},"end":{"line":13,"column":3}},"line":7},"2":{"name":"createFetchAction","decl":{"start":{"line":17,"column":16},"end":{"line":17,"column":33}},"loc":{"start":{"line":17,"column":42},"end":{"line":50,"column":1}},"line":17},"3":{"name":"(anonymous_3)","decl":{"start":{"line":28,"column":21},"end":{"line":28,"column":22}},"loc":{"start":{"line":28,"column":43},"end":{"line":36,"column":3}},"line":28},"4":{"name":"(anonymous_4)","decl":{"start":{"line":29,"column":65},"end":{"line":29,"column":66}},"loc":{"start":{"line":29,"column":79},"end":{"line":32,"column":5}},"line":29},"5":{"name":"(anonymous_5)","decl":{"start":{"line":32,"column":7},"end":{"line":32,"column":8}},"loc":{"start":{"line":32,"column":18},"end":{"line":35,"column":5}},"line":32},"6":{"name":"(anonymous_6)","decl":{"start":{"line":38,"column":9},"end":{"line":38,"column":10}},"loc":{"start":{"line":38,"column":23},"end":{"line":48,"column":3}},"line":38},"7":{"name":"(anonymous_7)","decl":{"start":{"line":45,"column":14},"end":{"line":45,"column":15}},"loc":{"start":{"line":45,"column":31},"end":{"line":47,"column":5}},"line":45}},"branchMap":{"0":{"loc":{"start":{"line":8,"column":4},"end":{"line":10,"column":5}},"type":"if","locations":[{"start":{"line":8,"column":4},"end":{"line":10,"column":5}},{"start":{"line":8,"column":4},"end":{"line":10,"column":5}}],"line":8},"1":{"loc":{"start":{"line":24,"column":4},"end":{"line":24,"column":18}},"type":"default-arg","locations":[{"start":{"line":24,"column":14},"end":{"line":24,"column":18}}],"line":24},"2":{"loc":{"start":{"line":31,"column":6},"end":{"line":31,"column":48}},"type":"binary-expr","locations":[{"start":{"line":31,"column":6},"end":{"line":31,"column":15}},{"start":{"line":31,"column":19},"end":{"line":31,"column":48}}],"line":31},"3":{"loc":{"start":{"line":34,"column":6},"end":{"line":34,"column":41}},"type":"binary-expr","locations":[{"start":{"line":34,"column":6},"end":{"line":34,"column":13}},{"start":{"line":34,"column":17},"end":{"line":34,"column":41}}],"line":34},"4":{"loc":{"start":{"line":39,"column":4},"end":{"line":39,"column":51}},"type":"binary-expr","locations":[{"start":{"line":39,"column":4},"end":{"line":39,"column":11}},{"start":{"line":39,"column":15},"end":{"line":39,"column":51}}],"line":39},"5":{"loc":{"start":{"line":40,"column":4},"end":{"line":43,"column":5}},"type":"if","locations":[{"start":{"line":40,"column":4},"end":{"line":43,"column":5}},{"start":{"line":40,"column":4},"end":{"line":43,"column":5}}],"line":40},"6":{"loc":{"start":{"line":46,"column":6},"end":{"line":46,"column":65}},"type":"binary-expr","locations":[{"start":{"line":46,"column":6},"end":{"line":46,"column":17}},{"start":{"line":46,"column":21},"end":{"line":46,"column":65}}],"line":46}},"s":{"0":9,"1":9,"2":0,"3":9,"4":9,"5":10,"6":10,"7":10,"8":10,"9":10,"10":0,"11":0,"12":10,"13":10,"14":10,"15":1,"16":1,"17":9,"18":9},"f":{"0":9,"1":9,"2":10,"3":10,"4":10,"5":0,"6":10,"7":9},"b":{"0":[0,9],"1":[10],"2":[10,10],"3":[0,0],"4":[10,10],"5":[1,9],"6":[9,9]},"_coverageSchema":"332fd63041d2c1bcb487cc26dd0d5f7d97098a6c","hash":"7d0c1eb206fa34e5e0512a53d36b82830dfde519"}
,"/Users/yujianbo/Hypers/JiraAgileApp/app/actions/allData.js": {"path":"/Users/yujianbo/Hypers/JiraAgileApp/app/actions/allData.js","statementMap":{"0":{"start":{"line":6,"column":21},"end":{"line":12,"column":1}},"1":{"start":{"line":7,"column":2},"end":{"line":11,"column":3}},"2":{"start":{"line":15,"column":2},"end":{"line":20,"column":5}},"3":{"start":{"line":25,"column":20},"end":{"line":31,"column":1}},"4":{"start":{"line":26,"column":2},"end":{"line":30,"column":4}},"5":{"start":{"line":34,"column":2},"end":{"line":39,"column":5}},"6":{"start":{"line":43,"column":21},"end":{"line":49,"column":1}},"7":{"start":{"line":44,"column":2},"end":{"line":48,"column":4}},"8":{"start":{"line":52,"column":2},"end":{"line":57,"column":5}},"9":{"start":{"line":61,"column":18},"end":{"line":67,"column":1}},"10":{"start":{"line":62,"column":2},"end":{"line":66,"column":4}},"11":{"start":{"line":70,"column":17},"end":{"line":70,"column":84}},"12":{"start":{"line":71,"column":2},"end":{"line":76,"column":5}},"13":{"start":{"line":80,"column":19},"end":{"line":86,"column":1}},"14":{"start":{"line":81,"column":2},"end":{"line":85,"column":4}},"15":{"start":{"line":89,"column":2},"end":{"line":94,"column":5}},"16":{"start":{"line":98,"column":25},"end":{"line":103,"column":1}},"17":{"start":{"line":99,"column":2},"end":{"line":102,"column":4}},"18":{"start":{"line":106,"column":12},"end":{"line":106,"column":58}},"19":{"start":{"line":107,"column":2},"end":{"line":116,"column":5}},"20":{"start":{"line":120,"column":16},"end":{"line":126,"column":1}},"21":{"start":{"line":121,"column":2},"end":{"line":125,"column":4}},"22":{"start":{"line":129,"column":12},"end":{"line":129,"column":58}},"23":{"start":{"line":130,"column":2},"end":{"line":135,"column":5}},"24":{"start":{"line":139,"column":19},"end":{"line":145,"column":1}},"25":{"start":{"line":140,"column":2},"end":{"line":144,"column":4}},"26":{"start":{"line":148,"column":2},"end":{"line":153,"column":5}}},"fnMap":{"0":{"name":"(anonymous_0)","decl":{"start":{"line":6,"column":21},"end":{"line":6,"column":22}},"loc":{"start":{"line":6,"column":39},"end":{"line":12,"column":1}},"line":6},"1":{"name":"fetchDetail","decl":{"start":{"line":14,"column":16},"end":{"line":14,"column":27}},"loc":{"start":{"line":14,"column":73},"end":{"line":21,"column":1}},"line":14},"2":{"name":"(anonymous_2)","decl":{"start":{"line":25,"column":20},"end":{"line":25,"column":21}},"loc":{"start":{"line":25,"column":38},"end":{"line":31,"column":1}},"line":25},"3":{"name":"fetchProjectList","decl":{"start":{"line":33,"column":16},"end":{"line":33,"column":32}},"loc":{"start":{"line":33,"column":64},"end":{"line":40,"column":1}},"line":33},"4":{"name":"(anonymous_4)","decl":{"start":{"line":43,"column":21},"end":{"line":43,"column":22}},"loc":{"start":{"line":43,"column":39},"end":{"line":49,"column":1}},"line":43},"5":{"name":"fetchStatusConfig","decl":{"start":{"line":51,"column":16},"end":{"line":51,"column":33}},"loc":{"start":{"line":51,"column":65},"end":{"line":58,"column":1}},"line":51},"6":{"name":"(anonymous_6)","decl":{"start":{"line":61,"column":18},"end":{"line":61,"column":19}},"loc":{"start":{"line":61,"column":36},"end":{"line":67,"column":1}},"line":61},"7":{"name":"fetchIssueList","decl":{"start":{"line":69,"column":16},"end":{"line":69,"column":30}},"loc":{"start":{"line":69,"column":109},"end":{"line":77,"column":1}},"line":69},"8":{"name":"(anonymous_8)","decl":{"start":{"line":80,"column":19},"end":{"line":80,"column":20}},"loc":{"start":{"line":80,"column":37},"end":{"line":86,"column":1}},"line":80},"9":{"name":"fetchUserConfig","decl":{"start":{"line":88,"column":16},"end":{"line":88,"column":31}},"loc":{"start":{"line":88,"column":73},"end":{"line":95,"column":1}},"line":88},"10":{"name":"(anonymous_10)","decl":{"start":{"line":98,"column":25},"end":{"line":98,"column":26}},"loc":{"start":{"line":98,"column":43},"end":{"line":103,"column":1}},"line":98},"11":{"name":"addWorklog","decl":{"start":{"line":105,"column":16},"end":{"line":105,"column":26}},"loc":{"start":{"line":105,"column":75},"end":{"line":117,"column":1}},"line":105},"12":{"name":"(anonymous_12)","decl":{"start":{"line":120,"column":16},"end":{"line":120,"column":17}},"loc":{"start":{"line":120,"column":34},"end":{"line":126,"column":1}},"line":120},"13":{"name":"fetchWorklog","decl":{"start":{"line":128,"column":16},"end":{"line":128,"column":28}},"loc":{"start":{"line":128,"column":69},"end":{"line":136,"column":1}},"line":128},"14":{"name":"(anonymous_14)","decl":{"start":{"line":139,"column":19},"end":{"line":139,"column":20}},"loc":{"start":{"line":139,"column":37},"end":{"line":145,"column":1}},"line":139},"15":{"name":"fetchFilterList","decl":{"start":{"line":147,"column":16},"end":{"line":147,"column":31}},"loc":{"start":{"line":147,"column":63},"end":{"line":154,"column":1}},"line":147}},"branchMap":{"0":{"loc":{"start":{"line":70,"column":17},"end":{"line":70,"column":84}},"type":"binary-expr","locations":[{"start":{"line":70,"column":17},"end":{"line":70,"column":20}},{"start":{"line":70,"column":24},"end":{"line":70,"column":84}}],"line":70}},"s":{"0":3,"1":2,"2":1,"3":3,"4":2,"5":1,"6":3,"7":2,"8":1,"9":3,"10":4,"11":2,"12":2,"13":3,"14":2,"15":1,"16":3,"17":2,"18":1,"19":1,"20":3,"21":2,"22":1,"23":1,"24":3,"25":2,"26":1},"f":{"0":2,"1":1,"2":2,"3":1,"4":2,"5":1,"6":4,"7":2,"8":2,"9":1,"10":2,"11":1,"12":2,"13":1,"14":2,"15":1},"b":{"0":[2,1]},"_coverageSchema":"332fd63041d2c1bcb487cc26dd0d5f7d97098a6c","hash":"c0a0bec68c5fe8579b0845f93a05a0d11a60efa0"}
,"/Users/yujianbo/Hypers/JiraAgileApp/app/actions/session.js": {"path":"/Users/yujianbo/Hypers/JiraAgileApp/app/actions/session.js","statementMap":{"0":{"start":{"line":5,"column":18},"end":{"line":11,"column":1}},"1":{"start":{"line":6,"column":2},"end":{"line":10,"column":3}},"2":{"start":{"line":13,"column":19},"end":{"line":17,"column":1}},"3":{"start":{"line":14,"column":2},"end":{"line":16,"column":3}},"4":{"start":{"line":19,"column":23},"end":{"line":24,"column":1}},"5":{"start":{"line":20,"column":2},"end":{"line":23,"column":3}},"6":{"start":{"line":27,"column":41},"end":{"line":27,"column":45}},"7":{"start":{"line":29,"column":15},"end":{"line":32,"column":4}},"8":{"start":{"line":34,"column":2},"end":{"line":47,"column":5}},"9":{"start":{"line":44,"column":6},"end":{"line":44,"column":41}},"10":{"start":{"line":45,"column":6},"end":{"line":45,"column":51}},"11":{"start":{"line":51,"column":2},"end":{"line":53,"column":4}},"12":{"start":{"line":52,"column":4},"end":{"line":52,"column":29}}},"fnMap":{"0":{"name":"(anonymous_0)","decl":{"start":{"line":5,"column":18},"end":{"line":5,"column":19}},"loc":{"start":{"line":5,"column":36},"end":{"line":11,"column":1}},"line":5},"1":{"name":"(anonymous_1)","decl":{"start":{"line":13,"column":19},"end":{"line":13,"column":20}},"loc":{"start":{"line":13,"column":25},"end":{"line":17,"column":1}},"line":13},"2":{"name":"(anonymous_2)","decl":{"start":{"line":19,"column":23},"end":{"line":19,"column":24}},"loc":{"start":{"line":19,"column":35},"end":{"line":24,"column":1}},"line":19},"3":{"name":"login","decl":{"start":{"line":26,"column":16},"end":{"line":26,"column":21}},"loc":{"start":{"line":26,"column":59},"end":{"line":48,"column":1}},"line":26},"4":{"name":"(anonymous_4)","decl":{"start":{"line":43,"column":15},"end":{"line":43,"column":16}},"loc":{"start":{"line":43,"column":39},"end":{"line":46,"column":5}},"line":43},"5":{"name":"logout","decl":{"start":{"line":50,"column":16},"end":{"line":50,"column":22}},"loc":{"start":{"line":50,"column":25},"end":{"line":54,"column":1}},"line":50},"6":{"name":"(anonymous_6)","decl":{"start":{"line":51,"column":9},"end":{"line":51,"column":10}},"loc":{"start":{"line":51,"column":21},"end":{"line":53,"column":3}},"line":51}},"branchMap":{"0":{"loc":{"start":{"line":45,"column":6},"end":{"line":45,"column":50}},"type":"binary-expr","locations":[{"start":{"line":45,"column":6},"end":{"line":45,"column":21}},{"start":{"line":45,"column":25},"end":{"line":45,"column":50}}],"line":45}},"s":{"0":3,"1":2,"2":3,"3":1,"4":3,"5":1,"6":1,"7":1,"8":1,"9":1,"10":1,"11":1,"12":1},"f":{"0":2,"1":1,"2":1,"3":1,"4":1,"5":1,"6":1},"b":{"0":[1,1]},"_coverageSchema":"332fd63041d2c1bcb487cc26dd0d5f7d97098a6c","hash":"6d2233dcf48bd989303b66c40ac3c52bb50af41d"}
,"/Users/yujianbo/Hypers/JiraAgileApp/app/components/Avatar.js": {"path":"/Users/yujianbo/Hypers/JiraAgileApp/app/components/Avatar.js","statementMap":{"0":{"start":{"line":11,"column":0},"end":{"line":27,"column":2}},"1":{"start":{"line":31,"column":17},"end":{"line":31,"column":21}},"2":{"start":{"line":32,"column":50},"end":{"line":32,"column":60}},"3":{"start":{"line":33,"column":4},"end":{"line":59,"column":5}},"4":{"start":{"line":34,"column":6},"end":{"line":50,"column":7}},"5":{"start":{"line":35,"column":8},"end":{"line":41,"column":12}},"6":{"start":{"line":43,"column":8},"end":{"line":49,"column":12}},"7":{"start":{"line":52,"column":6},"end":{"line":58,"column":10}},"8":{"start":{"line":60,"column":4},"end":{"line":60,"column":18}}},"fnMap":{"0":{"name":"(anonymous_0)","decl":{"start":{"line":30,"column":2},"end":{"line":30,"column":3}},"loc":{"start":{"line":30,"column":11},"end":{"line":61,"column":3}},"line":30}},"branchMap":{"0":{"loc":{"start":{"line":33,"column":4},"end":{"line":59,"column":5}},"type":"if","locations":[{"start":{"line":33,"column":4},"end":{"line":59,"column":5}},{"start":{"line":33,"column":4},"end":{"line":59,"column":5}}],"line":33},"1":{"loc":{"start":{"line":34,"column":6},"end":{"line":50,"column":7}},"type":"if","locations":[{"start":{"line":34,"column":6},"end":{"line":50,"column":7}},{"start":{"line":34,"column":6},"end":{"line":50,"column":7}}],"line":34}},"s":{"0":5,"1":2,"2":2,"3":2,"4":2,"5":2,"6":0,"7":0,"8":2},"f":{"0":2},"b":{"0":[2,0],"1":[2,0]},"_coverageSchema":"332fd63041d2c1bcb487cc26dd0d5f7d97098a6c","hash":"1ca62c8bc11054153bb051b7e9f94e68b3ad0aaa"}
,"/Users/yujianbo/Hypers/JiraAgileApp/app/components/BoardView.js": {"path":"/Users/yujianbo/Hypers/JiraAgileApp/app/components/BoardView.js","statementMap":{"0":{"start":{"line":19,"column":4},"end":{"line":19,"column":17}},"1":{"start":{"line":20,"column":4},"end":{"line":20,"column":53}},"2":{"start":{"line":24,"column":4},"end":{"line":24,"column":34}},"3":{"start":{"line":28,"column":4},"end":{"line":28,"column":15}},"4":{"start":{"line":29,"column":4},"end":{"line":29,"column":48}},"5":{"start":{"line":29,"column":26},"end":{"line":29,"column":41}},"6":{"start":{"line":41,"column":4},"end":{"line":48,"column":6}},"7":{"start":{"line":52,"column":38},"end":{"line":52,"column":48}},"8":{"start":{"line":53,"column":4},"end":{"line":72,"column":6}},"9":{"start":{"line":63,"column":24},"end":{"line":63,"column":54}},"10":{"start":{"line":76,"column":0},"end":{"line":80,"column":2}}},"fnMap":{"0":{"name":"(anonymous_0)","decl":{"start":{"line":18,"column":2},"end":{"line":18,"column":3}},"loc":{"start":{"line":18,"column":21},"end":{"line":21,"column":3}},"line":18},"1":{"name":"(anonymous_1)","decl":{"start":{"line":23,"column":2},"end":{"line":23,"column":3}},"loc":{"start":{"line":23,"column":21},"end":{"line":25,"column":3}},"line":23},"2":{"name":"(anonymous_2)","decl":{"start":{"line":27,"column":27},"end":{"line":27,"column":28}},"loc":{"start":{"line":27,"column":34},"end":{"line":30,"column":3}},"line":27},"3":{"name":"(anonymous_3)","decl":{"start":{"line":29,"column":20},"end":{"line":29,"column":21}},"loc":{"start":{"line":29,"column":26},"end":{"line":29,"column":41}},"line":29},"4":{"name":"(anonymous_4)","decl":{"start":{"line":32,"column":17},"end":{"line":32,"column":18}},"loc":{"start":{"line":32,"column":24},"end":{"line":38,"column":3}},"line":32},"5":{"name":"(anonymous_5)","decl":{"start":{"line":40,"column":17},"end":{"line":40,"column":18}},"loc":{"start":{"line":40,"column":36},"end":{"line":49,"column":3}},"line":40},"6":{"name":"(anonymous_6)","decl":{"start":{"line":51,"column":2},"end":{"line":51,"column":3}},"loc":{"start":{"line":51,"column":11},"end":{"line":73,"column":3}},"line":51},"7":{"name":"(anonymous_7)","decl":{"start":{"line":63,"column":17},"end":{"line":63,"column":18}},"loc":{"start":{"line":63,"column":24},"end":{"line":63,"column":54}},"line":63}},"branchMap":{"0":{"loc":{"start":{"line":29,"column":4},"end":{"line":29,"column":47}},"type":"binary-expr","locations":[{"start":{"line":29,"column":4},"end":{"line":29,"column":5}},{"start":{"line":29,"column":9},"end":{"line":29,"column":47}}],"line":29},"1":{"loc":{"start":{"line":55,"column":10},"end":{"line":66,"column":16}},"type":"cond-expr","locations":[{"start":{"line":56,"column":10},"end":{"line":65,"column":12}},{"start":{"line":66,"column":12},"end":{"line":66,"column":16}}],"line":55}},"s":{"0":0,"1":0,"2":0,"3":0,"4":0,"5":0,"6":0,"7":0,"8":0,"9":0,"10":2},"f":{"0":0,"1":0,"2":0,"3":0,"4":0,"5":0,"6":0,"7":0},"b":{"0":[0,0],"1":[0,0]},"_coverageSchema":"332fd63041d2c1bcb487cc26dd0d5f7d97098a6c","hash":"aea428514f441654cda796d8349e9564f9489916"}
,"/Users/yujianbo/Hypers/JiraAgileApp/app/components/DetailView.js": {"path":"/Users/yujianbo/Hypers/JiraAgileApp/app/components/DetailView.js","statementMap":{"0":{"start":{"line":32,"column":26},"end":{"line":43,"column":1}},"1":{"start":{"line":45,"column":25},"end":{"line":56,"column":1}},"2":{"start":{"line":61,"column":4},"end":{"line":61,"column":17}},"3":{"start":{"line":62,"column":4},"end":{"line":65,"column":6}},"4":{"start":{"line":68,"column":4},"end":{"line":68,"column":23}},"5":{"start":{"line":72,"column":36},"end":{"line":72,"column":46}},"6":{"start":{"line":73,"column":4},"end":{"line":77,"column":7}},"7":{"start":{"line":74,"column":6},"end":{"line":76,"column":9}},"8":{"start":{"line":81,"column":21},"end":{"line":81,"column":31}},"9":{"start":{"line":82,"column":4},"end":{"line":84,"column":7}},"10":{"start":{"line":88,"column":21},"end":{"line":88,"column":31}},"11":{"start":{"line":89,"column":4},"end":{"line":92,"column":7}},"12":{"start":{"line":96,"column":4},"end":{"line":103,"column":6}},"13":{"start":{"line":107,"column":23},"end":{"line":107,"column":33}},"14":{"start":{"line":108,"column":21},"end":{"line":108,"column":31}},"15":{"start":{"line":109,"column":19},"end":{"line":109,"column":40}},"16":{"start":{"line":111,"column":35},"end":{"line":111,"column":52}},"17":{"start":{"line":112,"column":4},"end":{"line":193,"column":6}},"18":{"start":{"line":117,"column":33},"end":{"line":117,"column":46}},"19":{"start":{"line":197,"column":0},"end":{"line":199,"column":2}},"20":{"start":{"line":201,"column":0},"end":{"line":203,"column":2}},"21":{"start":{"line":206,"column":18},"end":{"line":208,"column":14}},"22":{"start":{"line":210,"column":2},"end":{"line":212,"column":4}}},"fnMap":{"0":{"name":"(anonymous_0)","decl":{"start":{"line":60,"column":2},"end":{"line":60,"column":3}},"loc":{"start":{"line":60,"column":21},"end":{"line":66,"column":3}},"line":60},"1":{"name":"(anonymous_1)","decl":{"start":{"line":67,"column":2},"end":{"line":67,"column":3}},"loc":{"start":{"line":67,"column":23},"end":{"line":69,"column":3}},"line":67},"2":{"name":"(anonymous_2)","decl":{"start":{"line":71,"column":16},"end":{"line":71,"column":17}},"loc":{"start":{"line":71,"column":22},"end":{"line":78,"column":3}},"line":71},"3":{"name":"(anonymous_3)","decl":{"start":{"line":73,"column":28},"end":{"line":73,"column":29}},"loc":{"start":{"line":73,"column":36},"end":{"line":77,"column":5}},"line":73},"4":{"name":"(anonymous_4)","decl":{"start":{"line":80,"column":16},"end":{"line":80,"column":17}},"loc":{"start":{"line":80,"column":22},"end":{"line":85,"column":3}},"line":80},"5":{"name":"(anonymous_5)","decl":{"start":{"line":87,"column":20},"end":{"line":87,"column":21}},"loc":{"start":{"line":87,"column":26},"end":{"line":93,"column":3}},"line":87},"6":{"name":"(anonymous_6)","decl":{"start":{"line":95,"column":2},"end":{"line":95,"column":3}},"loc":{"start":{"line":95,"column":31},"end":{"line":104,"column":3}},"line":95},"7":{"name":"(anonymous_7)","decl":{"start":{"line":106,"column":2},"end":{"line":106,"column":3}},"loc":{"start":{"line":106,"column":11},"end":{"line":194,"column":3}},"line":106},"8":{"name":"(anonymous_8)","decl":{"start":{"line":117,"column":27},"end":{"line":117,"column":28}},"loc":{"start":{"line":117,"column":33},"end":{"line":117,"column":46}},"line":117},"9":{"name":"mapDispatch2Props","decl":{"start":{"line":205,"column":9},"end":{"line":205,"column":26}},"loc":{"start":{"line":205,"column":37},"end":{"line":213,"column":1}},"line":205}},"branchMap":{"0":{"loc":{"start":{"line":119,"column":25},"end":{"line":119,"column":55}},"type":"binary-expr","locations":[{"start":{"line":119,"column":25},"end":{"line":119,"column":49}},{"start":{"line":119,"column":53},"end":{"line":119,"column":55}}],"line":119},"1":{"loc":{"start":{"line":119,"column":61},"end":{"line":119,"column":85}},"type":"binary-expr","locations":[{"start":{"line":119,"column":61},"end":{"line":119,"column":79}},{"start":{"line":119,"column":83},"end":{"line":119,"column":85}}],"line":119},"2":{"loc":{"start":{"line":132,"column":15},"end":{"line":132,"column":127}},"type":"cond-expr","locations":[{"start":{"line":132,"column":24},"end":{"line":132,"column":120}},{"start":{"line":132,"column":123},"end":{"line":132,"column":127}}],"line":132},"3":{"loc":{"start":{"line":136,"column":15},"end":{"line":136,"column":125}},"type":"cond-expr","locations":[{"start":{"line":136,"column":24},"end":{"line":136,"column":118}},{"start":{"line":136,"column":121},"end":{"line":136,"column":125}}],"line":136},"4":{"loc":{"start":{"line":140,"column":15},"end":{"line":151,"column":22}},"type":"cond-expr","locations":[{"start":{"line":141,"column":16},"end":{"line":150,"column":23}},{"start":{"line":151,"column":18},"end":{"line":151,"column":22}}],"line":140},"5":{"loc":{"start":{"line":153,"column":13},"end":{"line":160,"column":21}},"type":"cond-expr","locations":[{"start":{"line":153,"column":44},"end":{"line":160,"column":13}},{"start":{"line":160,"column":17},"end":{"line":160,"column":21}}],"line":153},"6":{"loc":{"start":{"line":162,"column":13},"end":{"line":169,"column":21}},"type":"cond-expr","locations":[{"start":{"line":162,"column":47},"end":{"line":169,"column":13}},{"start":{"line":169,"column":17},"end":{"line":169,"column":21}}],"line":162}},"s":{"0":2,"1":2,"2":0,"3":0,"4":0,"5":0,"6":0,"7":0,"8":0,"9":0,"10":0,"11":0,"12":0,"13":0,"14":0,"15":0,"16":0,"17":0,"18":0,"19":2,"20":2,"21":0,"22":0},"f":{"0":0,"1":0,"2":0,"3":0,"4":0,"5":0,"6":0,"7":0,"8":0,"9":0},"b":{"0":[0,0],"1":[0,0],"2":[0,0],"3":[0,0],"4":[0,0],"5":[0,0],"6":[0,0]},"_coverageSchema":"332fd63041d2c1bcb487cc26dd0d5f7d97098a6c","hash":"edf6cfe1bbf9e9fd37fe0dd3b52ce27aff07b795"}
,"/Users/yujianbo/Hypers/JiraAgileApp/app/components/FilterResult.js": {"path":"/Users/yujianbo/Hypers/JiraAgileApp/app/components/FilterResult.js","statementMap":{"0":{"start":{"line":22,"column":4},"end":{"line":22,"column":17}},"1":{"start":{"line":23,"column":4},"end":{"line":29,"column":6}},"2":{"start":{"line":32,"column":4},"end":{"line":32,"column":25}},"3":{"start":{"line":36,"column":4},"end":{"line":36,"column":24}},"4":{"start":{"line":40,"column":37},"end":{"line":40,"column":47}},"5":{"start":{"line":41,"column":4},"end":{"line":43,"column":5}},"6":{"start":{"line":42,"column":6},"end":{"line":42,"column":42}},"7":{"start":{"line":47,"column":38},"end":{"line":47,"column":48}},"8":{"start":{"line":48,"column":27},"end":{"line":48,"column":37}},"9":{"start":{"line":49,"column":4},"end":{"line":60,"column":7}},"10":{"start":{"line":54,"column":6},"end":{"line":59,"column":9}},"11":{"start":{"line":65,"column":37},"end":{"line":65,"column":47}},"12":{"start":{"line":66,"column":22},"end":{"line":66,"column":32}},"13":{"start":{"line":67,"column":4},"end":{"line":83,"column":6}},"14":{"start":{"line":72,"column":33},"end":{"line":72,"column":46}},"15":{"start":{"line":90,"column":18},"end":{"line":92,"column":14}},"16":{"start":{"line":94,"column":2},"end":{"line":96,"column":4}}},"fnMap":{"0":{"name":"(anonymous_0)","decl":{"start":{"line":21,"column":2},"end":{"line":21,"column":3}},"loc":{"start":{"line":21,"column":21},"end":{"line":30,"column":3}},"line":21},"1":{"name":"(anonymous_1)","decl":{"start":{"line":31,"column":2},"end":{"line":31,"column":3}},"loc":{"start":{"line":31,"column":23},"end":{"line":33,"column":3}},"line":31},"2":{"name":"(anonymous_2)","decl":{"start":{"line":35,"column":17},"end":{"line":35,"column":18}},"loc":{"start":{"line":35,"column":23},"end":{"line":37,"column":3}},"line":35},"3":{"name":"(anonymous_3)","decl":{"start":{"line":39,"column":24},"end":{"line":39,"column":25}},"loc":{"start":{"line":39,"column":30},"end":{"line":44,"column":3}},"line":39},"4":{"name":"(anonymous_4)","decl":{"start":{"line":46,"column":16},"end":{"line":46,"column":17}},"loc":{"start":{"line":46,"column":29},"end":{"line":61,"column":3}},"line":46},"5":{"name":"(anonymous_5)","decl":{"start":{"line":53,"column":7},"end":{"line":53,"column":8}},"loc":{"start":{"line":53,"column":17},"end":{"line":60,"column":5}},"line":53},"6":{"name":"(anonymous_6)","decl":{"start":{"line":64,"column":2},"end":{"line":64,"column":3}},"loc":{"start":{"line":64,"column":12},"end":{"line":84,"column":3}},"line":64},"7":{"name":"(anonymous_7)","decl":{"start":{"line":72,"column":27},"end":{"line":72,"column":28}},"loc":{"start":{"line":72,"column":33},"end":{"line":72,"column":46}},"line":72},"8":{"name":"mapDispatch2Props","decl":{"start":{"line":89,"column":9},"end":{"line":89,"column":26}},"loc":{"start":{"line":89,"column":37},"end":{"line":97,"column":1}},"line":89}},"branchMap":{"0":{"loc":{"start":{"line":41,"column":4},"end":{"line":43,"column":5}},"type":"if","locations":[{"start":{"line":41,"column":4},"end":{"line":43,"column":5}},{"start":{"line":41,"column":4},"end":{"line":43,"column":5}}],"line":41},"1":{"loc":{"start":{"line":57,"column":14},"end":{"line":57,"column":80}},"type":"cond-expr","locations":[{"start":{"line":57,"column":30},"end":{"line":57,"column":41}},{"start":{"line":57,"column":44},"end":{"line":57,"column":80}}],"line":57}},"s":{"0":0,"1":0,"2":0,"3":0,"4":0,"5":0,"6":0,"7":0,"8":0,"9":0,"10":0,"11":0,"12":0,"13":0,"14":0,"15":0,"16":0},"f":{"0":0,"1":0,"2":0,"3":0,"4":0,"5":0,"6":0,"7":0,"8":0},"b":{"0":[0,0],"1":[0,0]},"_coverageSchema":"332fd63041d2c1bcb487cc26dd0d5f7d97098a6c","hash":"5b7353568f7255d9776ccd301388b82f92c09f0c"}
,"/Users/yujianbo/Hypers/JiraAgileApp/app/components/HomeView.js": {"path":"/Users/yujianbo/Hypers/JiraAgileApp/app/components/HomeView.js","statementMap":{"0":{"start":{"line":34,"column":4},"end":{"line":34,"column":17}},"1":{"start":{"line":35,"column":4},"end":{"line":43,"column":6}},"2":{"start":{"line":44,"column":4},"end":{"line":44,"column":73}},"3":{"start":{"line":45,"column":4},"end":{"line":45,"column":59}},"4":{"start":{"line":46,"column":4},"end":{"line":46,"column":53}},"5":{"start":{"line":47,"column":4},"end":{"line":47,"column":51}},"6":{"start":{"line":48,"column":4},"end":{"line":48,"column":61}},"7":{"start":{"line":49,"column":4},"end":{"line":49,"column":73}},"8":{"start":{"line":52,"column":4},"end":{"line":54,"column":7}},"9":{"start":{"line":53,"column":6},"end":{"line":53,"column":64}},"10":{"start":{"line":55,"column":4},"end":{"line":57,"column":6}},"11":{"start":{"line":56,"column":6},"end":{"line":56,"column":61}},"12":{"start":{"line":58,"column":4},"end":{"line":58,"column":34}},"13":{"start":{"line":59,"column":4},"end":{"line":59,"column":35}},"14":{"start":{"line":63,"column":4},"end":{"line":63,"column":34}},"15":{"start":{"line":66,"column":4},"end":{"line":66,"column":51}},"16":{"start":{"line":69,"column":4},"end":{"line":71,"column":7}},"17":{"start":{"line":74,"column":4},"end":{"line":77,"column":7}},"18":{"start":{"line":79,"column":4},"end":{"line":79,"column":63}},"19":{"start":{"line":83,"column":27},"end":{"line":83,"column":37}},"20":{"start":{"line":84,"column":4},"end":{"line":84,"column":19}},"21":{"start":{"line":88,"column":4},"end":{"line":88,"column":39}},"22":{"start":{"line":89,"column":4},"end":{"line":89,"column":26}},"23":{"start":{"line":90,"column":4},"end":{"line":90,"column":20}},"24":{"start":{"line":94,"column":31},"end":{"line":94,"column":41}},"25":{"start":{"line":95,"column":4},"end":{"line":105,"column":7}},"26":{"start":{"line":96,"column":24},"end":{"line":101,"column":8}},"27":{"start":{"line":97,"column":8},"end":{"line":100,"column":10}},"28":{"start":{"line":102,"column":6},"end":{"line":104,"column":9}},"29":{"start":{"line":109,"column":36},"end":{"line":109,"column":46}},"30":{"start":{"line":110,"column":4},"end":{"line":127,"column":7}},"31":{"start":{"line":111,"column":23},"end":{"line":111,"column":25}},"32":{"start":{"line":112,"column":6},"end":{"line":123,"column":9}},"33":{"start":{"line":113,"column":18},"end":{"line":113,"column":83}},"34":{"start":{"line":113,"column":42},"end":{"line":113,"column":82}},"35":{"start":{"line":114,"column":8},"end":{"line":121,"column":9}},"36":{"start":{"line":115,"column":10},"end":{"line":119,"column":12}},"37":{"start":{"line":120,"column":10},"end":{"line":120,"column":31}},"38":{"start":{"line":122,"column":8},"end":{"line":122,"column":31}},"39":{"start":{"line":124,"column":6},"end":{"line":126,"column":9}},"40":{"start":{"line":131,"column":34},"end":{"line":131,"column":44}},"41":{"start":{"line":132,"column":4},"end":{"line":136,"column":7}},"42":{"start":{"line":133,"column":6},"end":{"line":135,"column":9}},"43":{"start":{"line":140,"column":30},"end":{"line":140,"column":40}},"44":{"start":{"line":141,"column":4},"end":{"line":145,"column":7}},"45":{"start":{"line":142,"column":6},"end":{"line":144,"column":9}},"46":{"start":{"line":149,"column":24},"end":{"line":149,"column":34}},"47":{"start":{"line":150,"column":4},"end":{"line":156,"column":6}},"48":{"start":{"line":159,"column":27},"end":{"line":159,"column":37}},"49":{"start":{"line":160,"column":4},"end":{"line":168,"column":6}},"50":{"start":{"line":172,"column":48},"end":{"line":172,"column":58}},"51":{"start":{"line":173,"column":68},"end":{"line":173,"column":78}},"52":{"start":{"line":176,"column":20},"end":{"line":179,"column":5}},"53":{"start":{"line":176,"column":45},"end":{"line":176,"column":90}},"54":{"start":{"line":181,"column":4},"end":{"line":199,"column":6}},"55":{"start":{"line":203,"column":24},"end":{"line":203,"column":34}},"56":{"start":{"line":204,"column":17},"end":{"line":204,"column":61}},"57":{"start":{"line":205,"column":4},"end":{"line":226,"column":6}},"58":{"start":{"line":218,"column":36},"end":{"line":218,"column":68}},"59":{"start":{"line":224,"column":37},"end":{"line":224,"column":53}},"60":{"start":{"line":232,"column":30},"end":{"line":232,"column":35}},"61":{"start":{"line":233,"column":2},"end":{"line":238,"column":4}},"62":{"start":{"line":242,"column":18},"end":{"line":245,"column":14}},"63":{"start":{"line":247,"column":2},"end":{"line":254,"column":4}}},"fnMap":{"0":{"name":"(anonymous_0)","decl":{"start":{"line":33,"column":2},"end":{"line":33,"column":3}},"loc":{"start":{"line":33,"column":21},"end":{"line":50,"column":3}},"line":33},"1":{"name":"(anonymous_1)","decl":{"start":{"line":51,"column":2},"end":{"line":51,"column":3}},"loc":{"start":{"line":51,"column":23},"end":{"line":60,"column":3}},"line":51},"2":{"name":"(anonymous_2)","decl":{"start":{"line":52,"column":46},"end":{"line":52,"column":47}},"loc":{"start":{"line":52,"column":54},"end":{"line":54,"column":5}},"line":52},"3":{"name":"(anonymous_3)","decl":{"start":{"line":55,"column":42},"end":{"line":55,"column":43}},"loc":{"start":{"line":56,"column":6},"end":{"line":56,"column":61}},"line":56},"4":{"name":"(anonymous_4)","decl":{"start":{"line":62,"column":2},"end":{"line":62,"column":3}},"loc":{"start":{"line":62,"column":30},"end":{"line":64,"column":3}},"line":62},"5":{"name":"(anonymous_5)","decl":{"start":{"line":65,"column":2},"end":{"line":65,"column":3}},"loc":{"start":{"line":65,"column":36},"end":{"line":67,"column":3}},"line":65},"6":{"name":"(anonymous_6)","decl":{"start":{"line":68,"column":21},"end":{"line":68,"column":22}},"loc":{"start":{"line":68,"column":27},"end":{"line":72,"column":3}},"line":68},"7":{"name":"(anonymous_7)","decl":{"start":{"line":73,"column":2},"end":{"line":73,"column":3}},"loc":{"start":{"line":73,"column":31},"end":{"line":80,"column":3}},"line":73},"8":{"name":"(anonymous_8)","decl":{"start":{"line":82,"column":21},"end":{"line":82,"column":22}},"loc":{"start":{"line":82,"column":27},"end":{"line":85,"column":3}},"line":82},"9":{"name":"(anonymous_9)","decl":{"start":{"line":87,"column":2},"end":{"line":87,"column":3}},"loc":{"start":{"line":87,"column":17},"end":{"line":91,"column":3}},"line":87},"10":{"name":"(anonymous_10)","decl":{"start":{"line":93,"column":2},"end":{"line":93,"column":3}},"loc":{"start":{"line":93,"column":27},"end":{"line":106,"column":3}},"line":93},"11":{"name":"(anonymous_11)","decl":{"start":{"line":95,"column":19},"end":{"line":95,"column":20}},"loc":{"start":{"line":95,"column":29},"end":{"line":105,"column":5}},"line":95},"12":{"name":"(anonymous_12)","decl":{"start":{"line":96,"column":33},"end":{"line":96,"column":34}},"loc":{"start":{"line":96,"column":44},"end":{"line":101,"column":7}},"line":96},"13":{"name":"(anonymous_13)","decl":{"start":{"line":108,"column":2},"end":{"line":108,"column":3}},"loc":{"start":{"line":108,"column":28},"end":{"line":128,"column":3}},"line":108},"14":{"name":"(anonymous_14)","decl":{"start":{"line":110,"column":24},"end":{"line":110,"column":25}},"loc":{"start":{"line":110,"column":34},"end":{"line":127,"column":5}},"line":110},"15":{"name":"(anonymous_15)","decl":{"start":{"line":112,"column":19},"end":{"line":112,"column":20}},"loc":{"start":{"line":112,"column":29},"end":{"line":123,"column":7}},"line":112},"16":{"name":"(anonymous_16)","decl":{"start":{"line":113,"column":34},"end":{"line":113,"column":35}},"loc":{"start":{"line":113,"column":42},"end":{"line":113,"column":82}},"line":113},"17":{"name":"(anonymous_17)","decl":{"start":{"line":130,"column":2},"end":{"line":130,"column":3}},"loc":{"start":{"line":130,"column":26},"end":{"line":137,"column":3}},"line":130},"18":{"name":"(anonymous_18)","decl":{"start":{"line":132,"column":43},"end":{"line":132,"column":44}},"loc":{"start":{"line":132,"column":53},"end":{"line":136,"column":5}},"line":132},"19":{"name":"(anonymous_19)","decl":{"start":{"line":139,"column":2},"end":{"line":139,"column":3}},"loc":{"start":{"line":139,"column":25},"end":{"line":146,"column":3}},"line":139},"20":{"name":"(anonymous_20)","decl":{"start":{"line":141,"column":28},"end":{"line":141,"column":29}},"loc":{"start":{"line":141,"column":36},"end":{"line":145,"column":5}},"line":141},"21":{"name":"(anonymous_21)","decl":{"start":{"line":148,"column":2},"end":{"line":148,"column":3}},"loc":{"start":{"line":148,"column":20},"end":{"line":157,"column":3}},"line":148},"22":{"name":"(anonymous_22)","decl":{"start":{"line":158,"column":2},"end":{"line":158,"column":3}},"loc":{"start":{"line":158,"column":15},"end":{"line":169,"column":3}},"line":158},"23":{"name":"(anonymous_23)","decl":{"start":{"line":170,"column":2},"end":{"line":170,"column":3}},"loc":{"start":{"line":170,"column":20},"end":{"line":200,"column":3}},"line":170},"24":{"name":"(anonymous_24)","decl":{"start":{"line":176,"column":37},"end":{"line":176,"column":38}},"loc":{"start":{"line":176,"column":45},"end":{"line":176,"column":90}},"line":176},"25":{"name":"(anonymous_25)","decl":{"start":{"line":201,"column":2},"end":{"line":201,"column":3}},"loc":{"start":{"line":201,"column":11},"end":{"line":227,"column":3}},"line":201},"26":{"name":"(anonymous_26)","decl":{"start":{"line":218,"column":20},"end":{"line":218,"column":21}},"loc":{"start":{"line":218,"column":36},"end":{"line":218,"column":68}},"line":218},"27":{"name":"(anonymous_27)","decl":{"start":{"line":224,"column":28},"end":{"line":224,"column":29}},"loc":{"start":{"line":224,"column":37},"end":{"line":224,"column":53}},"line":224},"28":{"name":"mapState2Props","decl":{"start":{"line":231,"column":9},"end":{"line":231,"column":23}},"loc":{"start":{"line":231,"column":31},"end":{"line":239,"column":1}},"line":231},"29":{"name":"mapDispatch2Props","decl":{"start":{"line":241,"column":9},"end":{"line":241,"column":26}},"loc":{"start":{"line":241,"column":37},"end":{"line":255,"column":1}},"line":241}},"branchMap":{"0":{"loc":{"start":{"line":53,"column":6},"end":{"line":53,"column":63}},"type":"binary-expr","locations":[{"start":{"line":53,"column":6},"end":{"line":53,"column":10}},{"start":{"line":53,"column":14},"end":{"line":53,"column":63}}],"line":53},"1":{"loc":{"start":{"line":114,"column":8},"end":{"line":121,"column":9}},"type":"if","locations":[{"start":{"line":114,"column":8},"end":{"line":121,"column":9}},{"start":{"line":114,"column":8},"end":{"line":121,"column":9}}],"line":114},"2":{"loc":{"start":{"line":176,"column":20},"end":{"line":179,"column":5}},"type":"binary-expr","locations":[{"start":{"line":176,"column":20},"end":{"line":176,"column":91}},{"start":{"line":176,"column":95},"end":{"line":176,"column":109}},{"start":{"line":176,"column":113},"end":{"line":179,"column":5}}],"line":176},"3":{"loc":{"start":{"line":176,"column":45},"end":{"line":176,"column":90}},"type":"binary-expr","locations":[{"start":{"line":176,"column":45},"end":{"line":176,"column":57}},{"start":{"line":176,"column":61},"end":{"line":176,"column":90}}],"line":176},"4":{"loc":{"start":{"line":221,"column":12},"end":{"line":221,"column":66}},"type":"cond-expr","locations":[{"start":{"line":221,"column":19},"end":{"line":221,"column":41}},{"start":{"line":221,"column":44},"end":{"line":221,"column":66}}],"line":221}},"s":{"0":0,"1":0,"2":0,"3":0,"4":0,"5":0,"6":0,"7":0,"8":0,"9":0,"10":0,"11":0,"12":0,"13":0,"14":0,"15":0,"16":0,"17":0,"18":0,"19":0,"20":0,"21":0,"22":0,"23":0,"24":0,"25":0,"26":0,"27":0,"28":0,"29":0,"30":0,"31":0,"32":0,"33":0,"34":0,"35":0,"36":0,"37":0,"38":0,"39":0,"40":0,"41":0,"42":0,"43":0,"44":0,"45":0,"46":0,"47":0,"48":0,"49":0,"50":0,"51":0,"52":0,"53":0,"54":0,"55":0,"56":0,"57":0,"58":0,"59":0,"60":0,"61":0,"62":0,"63":0},"f":{"0":0,"1":0,"2":0,"3":0,"4":0,"5":0,"6":0,"7":0,"8":0,"9":0,"10":0,"11":0,"12":0,"13":0,"14":0,"15":0,"16":0,"17":0,"18":0,"19":0,"20":0,"21":0,"22":0,"23":0,"24":0,"25":0,"26":0,"27":0,"28":0,"29":0},"b":{"0":[0,0],"1":[0,0],"2":[0,0,0],"3":[0,0],"4":[0,0]},"_coverageSchema":"332fd63041d2c1bcb487cc26dd0d5f7d97098a6c","hash":"93f2739be531b36d06dd11759a46636c504c3fdc"}
,"/Users/yujianbo/Hypers/JiraAgileApp/app/components/IssueItem.js": {"path":"/Users/yujianbo/Hypers/JiraAgileApp/app/components/IssueItem.js","statementMap":{"0":{"start":{"line":18,"column":22},"end":{"line":24,"column":1}},"1":{"start":{"line":30,"column":36},"end":{"line":30,"column":46}},"2":{"start":{"line":31,"column":18},"end":{"line":31,"column":39}},"3":{"start":{"line":32,"column":4},"end":{"line":34,"column":5}},"4":{"start":{"line":33,"column":6},"end":{"line":33,"column":18}},"5":{"start":{"line":36,"column":4},"end":{"line":63,"column":6}},"6":{"start":{"line":39,"column":10},"end":{"line":39,"column":25}},"7":{"start":{"line":67,"column":0},"end":{"line":71,"column":2}}},"fnMap":{"0":{"name":"(anonymous_0)","decl":{"start":{"line":29,"column":2},"end":{"line":29,"column":3}},"loc":{"start":{"line":29,"column":11},"end":{"line":64,"column":3}},"line":29},"1":{"name":"(anonymous_1)","decl":{"start":{"line":38,"column":17},"end":{"line":38,"column":18}},"loc":{"start":{"line":38,"column":23},"end":{"line":40,"column":9}},"line":38}},"branchMap":{"0":{"loc":{"start":{"line":32,"column":4},"end":{"line":34,"column":5}},"type":"if","locations":[{"start":{"line":32,"column":4},"end":{"line":34,"column":5}},{"start":{"line":32,"column":4},"end":{"line":34,"column":5}}],"line":32}},"s":{"0":3,"1":3,"2":3,"3":3,"4":2,"5":1,"6":0,"7":3},"f":{"0":3,"1":0},"b":{"0":[2,1]},"_coverageSchema":"332fd63041d2c1bcb487cc26dd0d5f7d97098a6c","hash":"329a40596330057dce64d39641efdbd4e5da57c8"}
,"/Users/yujianbo/Hypers/JiraAgileApp/app/components/IssueList.js": {"path":"/Users/yujianbo/Hypers/JiraAgileApp/app/components/IssueList.js","statementMap":{"0":{"start":{"line":20,"column":20},"end":{"line":20,"column":27}},"1":{"start":{"line":25,"column":4},"end":{"line":27,"column":7}},"2":{"start":{"line":31,"column":4},"end":{"line":37,"column":6}},"3":{"start":{"line":40,"column":35},"end":{"line":40,"column":43}},"4":{"start":{"line":42,"column":37},"end":{"line":42,"column":94}},"5":{"start":{"line":44,"column":38},"end":{"line":44,"column":77}},"6":{"start":{"line":47,"column":28},"end":{"line":47,"column":38}},"7":{"start":{"line":48,"column":4},"end":{"line":52,"column":6}},"8":{"start":{"line":56,"column":4},"end":{"line":57,"column":11}},"9":{"start":{"line":61,"column":4},"end":{"line":63,"column":11}},"10":{"start":{"line":67,"column":65},"end":{"line":67,"column":75}},"11":{"start":{"line":69,"column":4},"end":{"line":92,"column":6}}},"fnMap":{"0":{"name":"(anonymous_0)","decl":{"start":{"line":24,"column":2},"end":{"line":24,"column":3}},"loc":{"start":{"line":24,"column":25},"end":{"line":28,"column":3}},"line":24},"1":{"name":"(anonymous_1)","decl":{"start":{"line":30,"column":16},"end":{"line":30,"column":17}},"loc":{"start":{"line":30,"column":35},"end":{"line":38,"column":3}},"line":30},"2":{"name":"(anonymous_2)","decl":{"start":{"line":40,"column":18},"end":{"line":40,"column":19}},"loc":{"start":{"line":40,"column":35},"end":{"line":40,"column":43}},"line":40},"3":{"name":"(anonymous_3)","decl":{"start":{"line":42,"column":19},"end":{"line":42,"column":20}},"loc":{"start":{"line":42,"column":37},"end":{"line":42,"column":94}},"line":42},"4":{"name":"(anonymous_4)","decl":{"start":{"line":44,"column":31},"end":{"line":44,"column":32}},"loc":{"start":{"line":44,"column":38},"end":{"line":44,"column":77}},"line":44},"5":{"name":"(anonymous_5)","decl":{"start":{"line":46,"column":28},"end":{"line":46,"column":29}},"loc":{"start":{"line":46,"column":34},"end":{"line":53,"column":3}},"line":46},"6":{"name":"(anonymous_6)","decl":{"start":{"line":55,"column":28},"end":{"line":55,"column":29}},"loc":{"start":{"line":56,"column":4},"end":{"line":57,"column":11}},"line":56},"7":{"name":"(anonymous_7)","decl":{"start":{"line":60,"column":27},"end":{"line":60,"column":28}},"loc":{"start":{"line":61,"column":4},"end":{"line":63,"column":11}},"line":61},"8":{"name":"(anonymous_8)","decl":{"start":{"line":66,"column":2},"end":{"line":66,"column":3}},"loc":{"start":{"line":66,"column":11},"end":{"line":93,"column":3}},"line":66}},"branchMap":{"0":{"loc":{"start":{"line":50,"column":10},"end":{"line":50,"column":90}},"type":"cond-expr","locations":[{"start":{"line":50,"column":33},"end":{"line":50,"column":83}},{"start":{"line":50,"column":86},"end":{"line":50,"column":90}}],"line":50}},"s":{"0":2,"1":0,"2":0,"3":0,"4":0,"5":0,"6":0,"7":0,"8":0,"9":0,"10":0,"11":0},"f":{"0":0,"1":0,"2":0,"3":0,"4":0,"5":0,"6":0,"7":0,"8":0},"b":{"0":[0,0]},"_coverageSchema":"332fd63041d2c1bcb487cc26dd0d5f7d97098a6c","hash":"fd36405ff444cb66fe1ea7c1c9fe24f35996face"}
,"/Users/yujianbo/Hypers/JiraAgileApp/app/components/Launch.js": {"path":"/Users/yujianbo/Hypers/JiraAgileApp/app/components/Launch.js","statementMap":{"0":{"start":{"line":12,"column":4},"end":{"line":12,"column":17}},"1":{"start":{"line":13,"column":4},"end":{"line":15,"column":6}},"2":{"start":{"line":18,"column":4},"end":{"line":18,"column":27}},"3":{"start":{"line":19,"column":4},"end":{"line":35,"column":7}},"4":{"start":{"line":20,"column":6},"end":{"line":32,"column":7}},"5":{"start":{"line":21,"column":8},"end":{"line":29,"column":11}},"6":{"start":{"line":22,"column":10},"end":{"line":26,"column":11}},"7":{"start":{"line":23,"column":12},"end":{"line":23,"column":56}},"8":{"start":{"line":25,"column":12},"end":{"line":25,"column":55}},"9":{"start":{"line":28,"column":10},"end":{"line":28,"column":54}},"10":{"start":{"line":31,"column":8},"end":{"line":31,"column":52}},"11":{"start":{"line":34,"column":6},"end":{"line":34,"column":50}},"12":{"start":{"line":55,"column":4},"end":{"line":55,"column":28}},"13":{"start":{"line":58,"column":4},"end":{"line":65,"column":6}},"14":{"start":{"line":61,"column":10},"end":{"line":61,"column":26}},"15":{"start":{"line":72,"column":18},"end":{"line":72,"column":62}},"16":{"start":{"line":73,"column":2},"end":{"line":75,"column":4}}},"fnMap":{"0":{"name":"(anonymous_0)","decl":{"start":{"line":11,"column":2},"end":{"line":11,"column":3}},"loc":{"start":{"line":11,"column":21},"end":{"line":16,"column":3}},"line":11},"1":{"name":"(anonymous_1)","decl":{"start":{"line":17,"column":2},"end":{"line":17,"column":3}},"loc":{"start":{"line":17,"column":23},"end":{"line":53,"column":3}},"line":17},"2":{"name":"(anonymous_2)","decl":{"start":{"line":19,"column":41},"end":{"line":19,"column":42}},"loc":{"start":{"line":19,"column":49},"end":{"line":33,"column":5}},"line":19},"3":{"name":"(anonymous_3)","decl":{"start":{"line":21,"column":45},"end":{"line":21,"column":46}},"loc":{"start":{"line":21,"column":52},"end":{"line":27,"column":9}},"line":21},"4":{"name":"(anonymous_4)","decl":{"start":{"line":27,"column":11},"end":{"line":27,"column":12}},"loc":{"start":{"line":27,"column":18},"end":{"line":29,"column":9}},"line":27},"5":{"name":"(anonymous_5)","decl":{"start":{"line":33,"column":13},"end":{"line":33,"column":14}},"loc":{"start":{"line":33,"column":18},"end":{"line":35,"column":5}},"line":33},"6":{"name":"(anonymous_6)","decl":{"start":{"line":54,"column":2},"end":{"line":54,"column":3}},"loc":{"start":{"line":54,"column":25},"end":{"line":56,"column":3}},"line":54},"7":{"name":"(anonymous_7)","decl":{"start":{"line":57,"column":2},"end":{"line":57,"column":3}},"loc":{"start":{"line":57,"column":11},"end":{"line":66,"column":3}},"line":57},"8":{"name":"(anonymous_8)","decl":{"start":{"line":60,"column":13},"end":{"line":60,"column":14}},"loc":{"start":{"line":60,"column":22},"end":{"line":62,"column":9}},"line":60},"9":{"name":"mapDispatch2Props","decl":{"start":{"line":71,"column":9},"end":{"line":71,"column":26}},"loc":{"start":{"line":71,"column":37},"end":{"line":76,"column":1}},"line":71}},"branchMap":{"0":{"loc":{"start":{"line":20,"column":6},"end":{"line":32,"column":7}},"type":"if","locations":[{"start":{"line":20,"column":6},"end":{"line":32,"column":7}},{"start":{"line":20,"column":6},"end":{"line":32,"column":7}}],"line":20},"1":{"loc":{"start":{"line":22,"column":10},"end":{"line":26,"column":11}},"type":"if","locations":[{"start":{"line":22,"column":10},"end":{"line":26,"column":11}},{"start":{"line":22,"column":10},"end":{"line":26,"column":11}}],"line":22},"2":{"loc":{"start":{"line":23,"column":12},"end":{"line":23,"column":55}},"type":"binary-expr","locations":[{"start":{"line":23,"column":12},"end":{"line":23,"column":27}},{"start":{"line":23,"column":31},"end":{"line":23,"column":55}}],"line":23},"3":{"loc":{"start":{"line":25,"column":12},"end":{"line":25,"column":54}},"type":"binary-expr","locations":[{"start":{"line":25,"column":12},"end":{"line":25,"column":27}},{"start":{"line":25,"column":31},"end":{"line":25,"column":54}}],"line":25},"4":{"loc":{"start":{"line":28,"column":10},"end":{"line":28,"column":53}},"type":"binary-expr","locations":[{"start":{"line":28,"column":10},"end":{"line":28,"column":25}},{"start":{"line":28,"column":29},"end":{"line":28,"column":53}}],"line":28},"5":{"loc":{"start":{"line":31,"column":8},"end":{"line":31,"column":51}},"type":"binary-expr","locations":[{"start":{"line":31,"column":8},"end":{"line":31,"column":23}},{"start":{"line":31,"column":27},"end":{"line":31,"column":51}}],"line":31},"6":{"loc":{"start":{"line":34,"column":6},"end":{"line":34,"column":49}},"type":"binary-expr","locations":[{"start":{"line":34,"column":6},"end":{"line":34,"column":21}},{"start":{"line":34,"column":25},"end":{"line":34,"column":49}}],"line":34}},"s":{"0":0,"1":0,"2":0,"3":0,"4":0,"5":0,"6":0,"7":0,"8":0,"9":0,"10":0,"11":0,"12":0,"13":0,"14":0,"15":0,"16":0},"f":{"0":0,"1":0,"2":0,"3":0,"4":0,"5":0,"6":0,"7":0,"8":0,"9":0},"b":{"0":[0,0],"1":[0,0],"2":[0,0],"3":[0,0],"4":[0,0],"5":[0,0],"6":[0,0]},"_coverageSchema":"332fd63041d2c1bcb487cc26dd0d5f7d97098a6c","hash":"c691e9c2ecda3c478b8cf2565e288779717dbaf5"}
,"/Users/yujianbo/Hypers/JiraAgileApp/app/components/LoadingView.js": {"path":"/Users/yujianbo/Hypers/JiraAgileApp/app/components/LoadingView.js","statementMap":{"0":{"start":{"line":14,"column":24},"end":{"line":14,"column":34}},"1":{"start":{"line":15,"column":4},"end":{"line":24,"column":6}}},"fnMap":{"0":{"name":"(anonymous_0)","decl":{"start":{"line":13,"column":2},"end":{"line":13,"column":3}},"loc":{"start":{"line":13,"column":11},"end":{"line":25,"column":3}},"line":13}},"branchMap":{},"s":{"0":0,"1":0},"f":{"0":0},"b":{},"_coverageSchema":"332fd63041d2c1bcb487cc26dd0d5f7d97098a6c","hash":"2108a067e48b8fd1c1105803ab63a73268c24c8a"}
,"/Users/yujianbo/Hypers/JiraAgileApp/app/components/LoginView.js": {"path":"/Users/yujianbo/Hypers/JiraAgileApp/app/components/LoginView.js","statementMap":{"0":{"start":{"line":25,"column":4},"end":{"line":25,"column":17}},"1":{"start":{"line":26,"column":4},"end":{"line":26,"column":61}},"2":{"start":{"line":27,"column":4},"end":{"line":27,"column":61}},"3":{"start":{"line":28,"column":4},"end":{"line":28,"column":63}},"4":{"start":{"line":29,"column":4},"end":{"line":29,"column":51}},"5":{"start":{"line":30,"column":4},"end":{"line":30,"column":24}},"6":{"start":{"line":31,"column":4},"end":{"line":37,"column":6}},"7":{"start":{"line":40,"column":21},"end":{"line":40,"column":31}},"8":{"start":{"line":41,"column":56},"end":{"line":41,"column":82}},"9":{"start":{"line":43,"column":4},"end":{"line":49,"column":5}},"10":{"start":{"line":44,"column":6},"end":{"line":44,"column":57}},"11":{"start":{"line":45,"column":6},"end":{"line":45,"column":13}},"12":{"start":{"line":46,"column":11},"end":{"line":49,"column":5}},"13":{"start":{"line":47,"column":6},"end":{"line":47,"column":54}},"14":{"start":{"line":48,"column":6},"end":{"line":48,"column":13}},"15":{"start":{"line":50,"column":17},"end":{"line":50,"column":28}},"16":{"start":{"line":51,"column":4},"end":{"line":53,"column":5}},"17":{"start":{"line":52,"column":6},"end":{"line":52,"column":51}},"18":{"start":{"line":54,"column":4},"end":{"line":57,"column":7}},"19":{"start":{"line":61,"column":45},"end":{"line":61,"column":71}},"20":{"start":{"line":62,"column":23},"end":{"line":62,"column":38}},"21":{"start":{"line":63,"column":4},"end":{"line":75,"column":7}},"22":{"start":{"line":65,"column":19},"end":{"line":65,"column":52}},"23":{"start":{"line":66,"column":6},"end":{"line":69,"column":7}},"24":{"start":{"line":67,"column":8},"end":{"line":67,"column":80}},"25":{"start":{"line":68,"column":8},"end":{"line":68,"column":15}},"26":{"start":{"line":70,"column":6},"end":{"line":70,"column":60}},"27":{"start":{"line":71,"column":6},"end":{"line":71,"column":49}},"28":{"start":{"line":72,"column":6},"end":{"line":72,"column":28}},"29":{"start":{"line":74,"column":6},"end":{"line":74,"column":53}},"30":{"start":{"line":79,"column":4},"end":{"line":79,"column":51}},"31":{"start":{"line":83,"column":19},"end":{"line":85,"column":6}},"32":{"start":{"line":86,"column":4},"end":{"line":86,"column":38}},"33":{"start":{"line":90,"column":24},"end":{"line":90,"column":34}},"34":{"start":{"line":91,"column":21},"end":{"line":91,"column":33}},"35":{"start":{"line":92,"column":43},"end":{"line":92,"column":58}},"36":{"start":{"line":93,"column":4},"end":{"line":157,"column":6}},"37":{"start":{"line":105,"column":36},"end":{"line":105,"column":75}},"38":{"start":{"line":118,"column":38},"end":{"line":118,"column":81}},"39":{"start":{"line":131,"column":38},"end":{"line":131,"column":81}},"40":{"start":{"line":139,"column":12},"end":{"line":141,"column":13}},"41":{"start":{"line":140,"column":14},"end":{"line":140,"column":21}},"42":{"start":{"line":142,"column":12},"end":{"line":142,"column":36}},"43":{"start":{"line":150,"column":16},"end":{"line":150,"column":64}},"44":{"start":{"line":155,"column":37},"end":{"line":155,"column":53}},"45":{"start":{"line":160,"column":4},"end":{"line":160,"column":42}},"46":{"start":{"line":163,"column":24},"end":{"line":163,"column":34}},"47":{"start":{"line":164,"column":4},"end":{"line":166,"column":5}},"48":{"start":{"line":165,"column":6},"end":{"line":165,"column":34}},"49":{"start":{"line":167,"column":4},"end":{"line":167,"column":29}},"50":{"start":{"line":171,"column":0},"end":{"line":174,"column":2}},"51":{"start":{"line":176,"column":0},"end":{"line":178,"column":2}},"52":{"start":{"line":181,"column":30},"end":{"line":181,"column":35}},"53":{"start":{"line":182,"column":2},"end":{"line":185,"column":4}},"54":{"start":{"line":189,"column":18},"end":{"line":189,"column":62}},"55":{"start":{"line":190,"column":2},"end":{"line":192,"column":4}}},"fnMap":{"0":{"name":"(anonymous_0)","decl":{"start":{"line":24,"column":2},"end":{"line":24,"column":3}},"loc":{"start":{"line":24,"column":21},"end":{"line":38,"column":3}},"line":24},"1":{"name":"(anonymous_1)","decl":{"start":{"line":39,"column":2},"end":{"line":39,"column":3}},"loc":{"start":{"line":39,"column":21},"end":{"line":58,"column":3}},"line":39},"2":{"name":"(anonymous_2)","decl":{"start":{"line":60,"column":2},"end":{"line":60,"column":3}},"loc":{"start":{"line":60,"column":26},"end":{"line":76,"column":3}},"line":60},"3":{"name":"(anonymous_3)","decl":{"start":{"line":63,"column":29},"end":{"line":63,"column":30}},"loc":{"start":{"line":63,"column":39},"end":{"line":73,"column":5}},"line":63},"4":{"name":"(anonymous_4)","decl":{"start":{"line":73,"column":7},"end":{"line":73,"column":8}},"loc":{"start":{"line":73,"column":14},"end":{"line":75,"column":5}},"line":73},"5":{"name":"(anonymous_5)","decl":{"start":{"line":78,"column":2},"end":{"line":78,"column":3}},"loc":{"start":{"line":78,"column":36},"end":{"line":80,"column":3}},"line":78},"6":{"name":"(anonymous_6)","decl":{"start":{"line":82,"column":2},"end":{"line":82,"column":3}},"loc":{"start":{"line":82,"column":31},"end":{"line":87,"column":3}},"line":82},"7":{"name":"(anonymous_7)","decl":{"start":{"line":89,"column":2},"end":{"line":89,"column":3}},"loc":{"start":{"line":89,"column":15},"end":{"line":158,"column":3}},"line":89},"8":{"name":"(anonymous_8)","decl":{"start":{"line":105,"column":24},"end":{"line":105,"column":25}},"loc":{"start":{"line":105,"column":36},"end":{"line":105,"column":75}},"line":105},"9":{"name":"(anonymous_9)","decl":{"start":{"line":118,"column":24},"end":{"line":118,"column":25}},"loc":{"start":{"line":118,"column":38},"end":{"line":118,"column":81}},"line":118},"10":{"name":"(anonymous_10)","decl":{"start":{"line":131,"column":24},"end":{"line":131,"column":25}},"loc":{"start":{"line":131,"column":38},"end":{"line":131,"column":81}},"line":131},"11":{"name":"(anonymous_11)","decl":{"start":{"line":138,"column":19},"end":{"line":138,"column":20}},"loc":{"start":{"line":138,"column":25},"end":{"line":143,"column":11}},"line":138},"12":{"name":"(anonymous_12)","decl":{"start":{"line":149,"column":15},"end":{"line":149,"column":16}},"loc":{"start":{"line":150,"column":16},"end":{"line":150,"column":64}},"line":150},"13":{"name":"(anonymous_13)","decl":{"start":{"line":155,"column":28},"end":{"line":155,"column":29}},"loc":{"start":{"line":155,"column":37},"end":{"line":155,"column":53}},"line":155},"14":{"name":"(anonymous_14)","decl":{"start":{"line":159,"column":2},"end":{"line":159,"column":3}},"loc":{"start":{"line":159,"column":18},"end":{"line":161,"column":3}},"line":159},"15":{"name":"(anonymous_15)","decl":{"start":{"line":162,"column":2},"end":{"line":162,"column":3}},"loc":{"start":{"line":162,"column":11},"end":{"line":168,"column":3}},"line":162},"16":{"name":"mapState2Props","decl":{"start":{"line":180,"column":9},"end":{"line":180,"column":23}},"loc":{"start":{"line":180,"column":31},"end":{"line":186,"column":1}},"line":180},"17":{"name":"mapDispatch2Props","decl":{"start":{"line":188,"column":9},"end":{"line":188,"column":26}},"loc":{"start":{"line":188,"column":37},"end":{"line":193,"column":1}},"line":188}},"branchMap":{"0":{"loc":{"start":{"line":43,"column":4},"end":{"line":49,"column":5}},"type":"if","locations":[{"start":{"line":43,"column":4},"end":{"line":49,"column":5}},{"start":{"line":43,"column":4},"end":{"line":49,"column":5}}],"line":43},"1":{"loc":{"start":{"line":46,"column":11},"end":{"line":49,"column":5}},"type":"if","locations":[{"start":{"line":46,"column":11},"end":{"line":49,"column":5}},{"start":{"line":46,"column":11},"end":{"line":49,"column":5}}],"line":46},"2":{"loc":{"start":{"line":46,"column":15},"end":{"line":46,"column":47}},"type":"binary-expr","locations":[{"start":{"line":46,"column":15},"end":{"line":46,"column":29}},{"start":{"line":46,"column":33},"end":{"line":46,"column":47}}],"line":46},"3":{"loc":{"start":{"line":51,"column":4},"end":{"line":53,"column":5}},"type":"if","locations":[{"start":{"line":51,"column":4},"end":{"line":53,"column":5}},{"start":{"line":51,"column":4},"end":{"line":53,"column":5}}],"line":51},"4":{"loc":{"start":{"line":56,"column":14},"end":{"line":56,"column":99}},"type":"cond-expr","locations":[{"start":{"line":56,"column":71},"end":{"line":56,"column":90}},{"start":{"line":56,"column":93},"end":{"line":56,"column":99}}],"line":56},"5":{"loc":{"start":{"line":66,"column":6},"end":{"line":69,"column":7}},"type":"if","locations":[{"start":{"line":66,"column":6},"end":{"line":69,"column":7}},{"start":{"line":66,"column":6},"end":{"line":69,"column":7}}],"line":66},"6":{"loc":{"start":{"line":139,"column":12},"end":{"line":141,"column":13}},"type":"if","locations":[{"start":{"line":139,"column":12},"end":{"line":141,"column":13}},{"start":{"line":139,"column":12},"end":{"line":141,"column":13}}],"line":139},"7":{"loc":{"start":{"line":164,"column":4},"end":{"line":166,"column":5}},"type":"if","locations":[{"start":{"line":164,"column":4},"end":{"line":166,"column":5}},{"start":{"line":164,"column":4},"end":{"line":166,"column":5}}],"line":164}},"s":{"0":0,"1":0,"2":0,"3":0,"4":0,"5":0,"6":0,"7":0,"8":0,"9":0,"10":0,"11":0,"12":0,"13":0,"14":0,"15":0,"16":0,"17":0,"18":0,"19":0,"20":0,"21":0,"22":0,"23":0,"24":0,"25":0,"26":0,"27":0,"28":0,"29":0,"30":0,"31":0,"32":0,"33":0,"34":0,"35":0,"36":0,"37":0,"38":0,"39":0,"40":0,"41":0,"42":0,"43":0,"44":0,"45":0,"46":0,"47":0,"48":0,"49":0,"50":2,"51":2,"52":0,"53":0,"54":0,"55":0},"f":{"0":0,"1":0,"2":0,"3":0,"4":0,"5":0,"6":0,"7":0,"8":0,"9":0,"10":0,"11":0,"12":0,"13":0,"14":0,"15":0,"16":0,"17":0},"b":{"0":[0,0],"1":[0,0],"2":[0,0],"3":[0,0],"4":[0,0],"5":[0,0],"6":[0,0],"7":[0,0]},"_coverageSchema":"332fd63041d2c1bcb487cc26dd0d5f7d97098a6c","hash":"f13f9142568dbffbf08814ef95887e14458af776"}
,"/Users/yujianbo/Hypers/JiraAgileApp/app/components/Menu.js": {"path":"/Users/yujianbo/Hypers/JiraAgileApp/app/components/Menu.js","statementMap":{"0":{"start":{"line":19,"column":4},"end":{"line":19,"column":17}},"1":{"start":{"line":23,"column":27},"end":{"line":23,"column":37}},"2":{"start":{"line":24,"column":4},"end":{"line":26,"column":7}},"3":{"start":{"line":30,"column":43},"end":{"line":30,"column":53}},"4":{"start":{"line":31,"column":4},"end":{"line":40,"column":6}},"5":{"start":{"line":34,"column":25},"end":{"line":34,"column":45}},"6":{"start":{"line":44,"column":4},"end":{"line":48,"column":6}},"7":{"start":{"line":53,"column":52},"end":{"line":53,"column":62}},"8":{"start":{"line":54,"column":44},"end":{"line":54,"column":60}},"9":{"start":{"line":56,"column":4},"end":{"line":92,"column":6}},"10":{"start":{"line":96,"column":0},"end":{"line":100,"column":2}}},"fnMap":{"0":{"name":"(anonymous_0)","decl":{"start":{"line":18,"column":2},"end":{"line":18,"column":3}},"loc":{"start":{"line":18,"column":21},"end":{"line":20,"column":3}},"line":18},"1":{"name":"(anonymous_1)","decl":{"start":{"line":22,"column":20},"end":{"line":22,"column":21}},"loc":{"start":{"line":22,"column":26},"end":{"line":27,"column":3}},"line":22},"2":{"name":"(anonymous_2)","decl":{"start":{"line":29,"column":15},"end":{"line":29,"column":16}},"loc":{"start":{"line":29,"column":34},"end":{"line":41,"column":3}},"line":29},"3":{"name":"(anonymous_3)","decl":{"start":{"line":34,"column":19},"end":{"line":34,"column":20}},"loc":{"start":{"line":34,"column":25},"end":{"line":34,"column":45}},"line":34},"4":{"name":"(anonymous_4)","decl":{"start":{"line":43,"column":21},"end":{"line":43,"column":22}},"loc":{"start":{"line":43,"column":27},"end":{"line":49,"column":3}},"line":43},"5":{"name":"(anonymous_5)","decl":{"start":{"line":51,"column":2},"end":{"line":51,"column":3}},"loc":{"start":{"line":51,"column":11},"end":{"line":93,"column":3}},"line":51}},"branchMap":{"0":{"loc":{"start":{"line":35,"column":31},"end":{"line":35,"column":101}},"type":"cond-expr","locations":[{"start":{"line":35,"column":77},"end":{"line":35,"column":94}},{"start":{"line":35,"column":97},"end":{"line":35,"column":101}}],"line":35},"1":{"loc":{"start":{"line":35,"column":32},"end":{"line":35,"column":73}},"type":"binary-expr","locations":[{"start":{"line":35,"column":32},"end":{"line":35,"column":42}},{"start":{"line":35,"column":46},"end":{"line":35,"column":73}}],"line":35},"2":{"loc":{"start":{"line":54,"column":44},"end":{"line":54,"column":60}},"type":"binary-expr","locations":[{"start":{"line":54,"column":44},"end":{"line":54,"column":54}},{"start":{"line":54,"column":58},"end":{"line":54,"column":60}}],"line":54},"3":{"loc":{"start":{"line":61,"column":17},"end":{"line":61,"column":50}},"type":"binary-expr","locations":[{"start":{"line":61,"column":17},"end":{"line":61,"column":27}},{"start":{"line":61,"column":31},"end":{"line":61,"column":50}}],"line":61}},"s":{"0":0,"1":0,"2":0,"3":0,"4":0,"5":0,"6":0,"7":0,"8":0,"9":0,"10":2},"f":{"0":0,"1":0,"2":0,"3":0,"4":0,"5":0},"b":{"0":[0,0],"1":[0,0],"2":[0,0],"3":[0,0]},"_coverageSchema":"332fd63041d2c1bcb487cc26dd0d5f7d97098a6c","hash":"ec0f94f7928488da4f46aaeb3a0975937f6ef213"}
,"/Users/yujianbo/Hypers/JiraAgileApp/app/components/MoreView.js": {"path":"/Users/yujianbo/Hypers/JiraAgileApp/app/components/MoreView.js","statementMap":{"0":{"start":{"line":22,"column":4},"end":{"line":22,"column":17}},"1":{"start":{"line":23,"column":4},"end":{"line":26,"column":6}},"2":{"start":{"line":30,"column":4},"end":{"line":30,"column":25}},"3":{"start":{"line":34,"column":34},"end":{"line":34,"column":44}},"4":{"start":{"line":35,"column":4},"end":{"line":40,"column":7}},"5":{"start":{"line":36,"column":6},"end":{"line":39,"column":9}},"6":{"start":{"line":44,"column":4},"end":{"line":44,"column":22}},"7":{"start":{"line":45,"column":4},"end":{"line":48,"column":7}},"8":{"start":{"line":52,"column":26},"end":{"line":52,"column":30}},"9":{"start":{"line":53,"column":4},"end":{"line":55,"column":6}},"10":{"start":{"line":54,"column":59},"end":{"line":54,"column":90}},"11":{"start":{"line":59,"column":24},"end":{"line":59,"column":34}},"12":{"start":{"line":60,"column":4},"end":{"line":60,"column":60}},"13":{"start":{"line":60,"column":31},"end":{"line":60,"column":58}},"14":{"start":{"line":64,"column":29},"end":{"line":64,"column":39}},"15":{"start":{"line":65,"column":4},"end":{"line":85,"column":6}},"16":{"start":{"line":70,"column":33},"end":{"line":70,"column":46}},"17":{"start":{"line":90,"column":18},"end":{"line":92,"column":14}},"18":{"start":{"line":94,"column":2},"end":{"line":96,"column":4}}},"fnMap":{"0":{"name":"(anonymous_0)","decl":{"start":{"line":21,"column":2},"end":{"line":21,"column":3}},"loc":{"start":{"line":21,"column":21},"end":{"line":27,"column":3}},"line":21},"1":{"name":"(anonymous_1)","decl":{"start":{"line":29,"column":2},"end":{"line":29,"column":3}},"loc":{"start":{"line":29,"column":23},"end":{"line":31,"column":3}},"line":29},"2":{"name":"(anonymous_2)","decl":{"start":{"line":33,"column":18},"end":{"line":33,"column":19}},"loc":{"start":{"line":33,"column":24},"end":{"line":41,"column":3}},"line":33},"3":{"name":"(anonymous_3)","decl":{"start":{"line":35,"column":22},"end":{"line":35,"column":23}},"loc":{"start":{"line":35,"column":31},"end":{"line":40,"column":5}},"line":35},"4":{"name":"(anonymous_4)","decl":{"start":{"line":43,"column":25},"end":{"line":43,"column":26}},"loc":{"start":{"line":43,"column":35},"end":{"line":49,"column":3}},"line":43},"5":{"name":"(anonymous_5)","decl":{"start":{"line":51,"column":2},"end":{"line":51,"column":3}},"loc":{"start":{"line":51,"column":25},"end":{"line":56,"column":3}},"line":51},"6":{"name":"(anonymous_6)","decl":{"start":{"line":54,"column":53},"end":{"line":54,"column":54}},"loc":{"start":{"line":54,"column":59},"end":{"line":54,"column":90}},"line":54},"7":{"name":"(anonymous_7)","decl":{"start":{"line":58,"column":2},"end":{"line":58,"column":3}},"loc":{"start":{"line":58,"column":21},"end":{"line":61,"column":3}},"line":58},"8":{"name":"(anonymous_8)","decl":{"start":{"line":60,"column":23},"end":{"line":60,"column":24}},"loc":{"start":{"line":60,"column":31},"end":{"line":60,"column":58}},"line":60},"9":{"name":"(anonymous_9)","decl":{"start":{"line":63,"column":2},"end":{"line":63,"column":3}},"loc":{"start":{"line":63,"column":12},"end":{"line":86,"column":3}},"line":63},"10":{"name":"(anonymous_10)","decl":{"start":{"line":70,"column":27},"end":{"line":70,"column":28}},"loc":{"start":{"line":70,"column":33},"end":{"line":70,"column":46}},"line":70},"11":{"name":"mapDispatch2Props","decl":{"start":{"line":89,"column":9},"end":{"line":89,"column":26}},"loc":{"start":{"line":89,"column":37},"end":{"line":97,"column":1}},"line":89}},"branchMap":{},"s":{"0":0,"1":0,"2":0,"3":0,"4":0,"5":0,"6":0,"7":0,"8":0,"9":0,"10":0,"11":0,"12":0,"13":0,"14":0,"15":0,"16":0,"17":0,"18":0},"f":{"0":0,"1":0,"2":0,"3":0,"4":0,"5":0,"6":0,"7":0,"8":0,"9":0,"10":0,"11":0},"b":{},"_coverageSchema":"332fd63041d2c1bcb487cc26dd0d5f7d97098a6c","hash":"952f0c8742e243bd18cb8a39b7ba0cb96a4f0cda"}
,"/Users/yujianbo/Hypers/JiraAgileApp/app/components/NavBar.js": {"path":"/Users/yujianbo/Hypers/JiraAgileApp/app/components/NavBar.js","statementMap":{"0":{"start":{"line":20,"column":8},"end":{"line":20,"column":18}},"1":{"start":{"line":22,"column":4},"end":{"line":40,"column":6}}},"fnMap":{"0":{"name":"(anonymous_0)","decl":{"start":{"line":13,"column":2},"end":{"line":13,"column":3}},"loc":{"start":{"line":13,"column":11},"end":{"line":41,"column":3}},"line":13}},"branchMap":{"0":{"loc":{"start":{"line":24,"column":9},"end":{"line":30,"column":47}},"type":"cond-expr","locations":[{"start":{"line":25,"column":10},"end":{"line":29,"column":12}},{"start":{"line":30,"column":12},"end":{"line":30,"column":47}}],"line":24},"1":{"loc":{"start":{"line":32,"column":9},"end":{"line":38,"column":52}},"type":"cond-expr","locations":[{"start":{"line":33,"column":10},"end":{"line":37,"column":12}},{"start":{"line":38,"column":12},"end":{"line":38,"column":52}}],"line":32}},"s":{"0":0,"1":0},"f":{"0":0},"b":{"0":[0,0],"1":[0,0]},"_coverageSchema":"332fd63041d2c1bcb487cc26dd0d5f7d97098a6c","hash":"741c06164e968335d76aac20469aa61100db2061"}
,"/Users/yujianbo/Hypers/JiraAgileApp/app/components/SettingView.js": {"path":"/Users/yujianbo/Hypers/JiraAgileApp/app/components/SettingView.js","statementMap":{"0":{"start":{"line":30,"column":4},"end":{"line":30,"column":17}},"1":{"start":{"line":31,"column":4},"end":{"line":33,"column":6}},"2":{"start":{"line":37,"column":4},"end":{"line":39,"column":7}},"3":{"start":{"line":40,"column":4},"end":{"line":42,"column":7}},"4":{"start":{"line":41,"column":6},"end":{"line":41,"column":33}},"5":{"start":{"line":46,"column":4},"end":{"line":46,"column":39}},"6":{"start":{"line":47,"column":4},"end":{"line":47,"column":26}},"7":{"start":{"line":48,"column":4},"end":{"line":48,"column":27}},"8":{"start":{"line":52,"column":32},"end":{"line":52,"column":42}},"9":{"start":{"line":53,"column":44},"end":{"line":53,"column":60}},"10":{"start":{"line":54,"column":35},"end":{"line":54,"column":52}},"11":{"start":{"line":56,"column":24},"end":{"line":56,"column":34}},"12":{"start":{"line":58,"column":4},"end":{"line":95,"column":6}},"13":{"start":{"line":63,"column":33},"end":{"line":63,"column":46}},"14":{"start":{"line":99,"column":0},"end":{"line":102,"column":2}},"15":{"start":{"line":104,"column":0},"end":{"line":108,"column":2}},"16":{"start":{"line":111,"column":18},"end":{"line":113,"column":14}},"17":{"start":{"line":115,"column":2},"end":{"line":117,"column":4}}},"fnMap":{"0":{"name":"(anonymous_0)","decl":{"start":{"line":29,"column":2},"end":{"line":29,"column":3}},"loc":{"start":{"line":29,"column":30},"end":{"line":34,"column":3}},"line":29},"1":{"name":"(anonymous_1)","decl":{"start":{"line":36,"column":21},"end":{"line":36,"column":22}},"loc":{"start":{"line":36,"column":31},"end":{"line":43,"column":3}},"line":36},"2":{"name":"(anonymous_2)","decl":{"start":{"line":40,"column":63},"end":{"line":40,"column":64}},"loc":{"start":{"line":40,"column":69},"end":{"line":42,"column":5}},"line":40},"3":{"name":"(anonymous_3)","decl":{"start":{"line":45,"column":17},"end":{"line":45,"column":18}},"loc":{"start":{"line":45,"column":
[...]
,"/Users/yujianbo/Hypers/JiraAgileApp/app/components/common/Layout/style.js": {"path":"/Users/yujianbo/Hypers/JiraAgileApp/app/components/common/Layout/style.js","statementMap":{},"fnMap":{},"branchMap":{},"s":{},"f":{},"b":{},"_coverageSchema":"332fd63041d2c1bcb487cc26dd0d5f7d97098a6c","hash":"6bb2bb2ee537523aa608b110552284513cbb590b"}
,"/Users/yujianbo/Hypers/JiraAgileApp/app/components/common/List/index.js": {"path":"/Users/yujianbo/Hypers/JiraAgileApp/app/components/common/List/index.js","statementMap":{"0":{"start":{"line":17,"column":19},"end":{"line":26,"column":1}},"1":{"start":{"line":18,"column":2},"end":{"line":25,"column":4}},"2":{"start":{"line":28,"column":28},"end":{"line":47,"column":1}},"3":{"start":{"line":29,"column":2},"end":{"line":46,"column":4}},"4":{"start":{"line":49,"column":22},"end":{"line":55,"column":1}},"5":{"start":{"line":50,"column":2},"end":{"line":54,"column":4}},"6":{"start":{"line":57,"column":20},"end":{"line":61,"column":1}},"7":{"start":{"line":58,"column":2},"end":{"line":60,"column":4}},"8":{"start":{"line":63,"column":29},"end":{"line":69,"column":1}},"9":{"start":{"line":64,"column":2},"end":{"line":68,"column":4}}},"fnMap":{"0":{"name":"(anonymous_0)","decl":{"start":{"line":17,"column":19},"end":{"line":17,"column":20}},"loc":{"start":{"line":17,"column":49},"end":{"line":26,"column":1}},"line":17},"1":{"name":"(anonymous_1)","decl":{"start":{"line":28,"column":28},"end":{"line":28,"column":29}},"loc":{"start":{"line":28,"column":67},"end":{"line":47,"column":1}},"line":28},"2":{"name":"(anonymous_2)","decl":{"start":{"line":49,"column":22},"end":{"line":49,"column":23}},"loc":{"start":{"line":49,"column":44},"end":{"line":55,"column":1}},"line":49},"3":{"name":"(anonymous_3)","decl":{"start":{"line":57,"column":20},"end":{"line":57,"column":21}},"loc":{"start":{"line":57,"column":33},"end":{"line":61,"column":1}},"line":57},"4":{"name":"(anonymous_4)","decl":{"start":{"line":63,"column":29},"end":{"line":63,"column":30}},"loc":{"start":{"line":63,"column":51},"end":{"line":69,"column":1}},"line":63}},"branchMap":{},"s":{"0":2,"1":0,"2":2,"3":0,"4":2,"5":0,"6":2,"7":0,"8":2,"9":0},"f":{"0":0,"1":0,"2":0,"3":0,"4":0},"b":{},"_coverageSchema":"332fd63041d2c1bcb487cc26dd0d5f7d97098a6c","hash":"583349b2d3b898900d2f93bb685afd1d3a52d4a1"}
,"/Users/yujianbo/Hypers/JiraAgileApp/app/components/common/List/style.js": {"path":"/Users/yujianbo/Hypers/JiraAgileApp/app/components/common/List/style.js","statementMap":{},"fnMap":{},"branchMap":{},"s":{},"f":{},"b":{},"_coverageSchema":"332fd63041d2c1bcb487cc26dd0d5f7d97098a6c","hash":"65fc8f212d6670d6a83337e976a7bf150ac723fe"}
,"/Users/yujianbo/Hypers/JiraAgileApp/app/constants/APIs.js": {"path":"/Users/yujianbo/Hypers/JiraAgileApp/app/constants/APIs.js","statementMap":{"0":{"start":{"line":1,"column":32},"end":{"line":1,"column":54}},"1":{"start":{"line":2,"column":36},"end":{"line":2,"column":66}},"2":{"start":{"line":3,"column":40},"end":{"line":3,"column":84}},"3":{"start":{"line":4,"column":47},"end":{"line":4,"column":96}},"4":{"start":{"line":5,"column":39},"end":{"line":5,"column":82}},"5":{"start":{"line":6,"column":40},"end":{"line":6,"column":59}},"6":{"start":{"line":8,"column":27},"end":{"line":8,"column":48}},"7":{"start":{"line":9,"column":26},"end":{"line":9,"column":46}},"8":{"start":{"line":10,"column":26},"end":{"line":10,"column":46}},"9":{"start":{"line":11,"column":24},"end":{"line":11,"column":42}},"10":{"start":{"line":12,"column":27},"end":{"line":12,"column":64}},"11":{"start":{"line":13,"column":26},"end":{"line":13,"column":56}},"12":{"start":{"line":14,"column":33},"end":{"line":14,"column":54}}},"fnMap":{},"branchMap":{},"s":{"0":3,"1":3,"2":3,"3":3,"4":3,"5":3,"6":3,"7":3,"8":3,"9":3,"10":3,"11":3,"12":3},"f":{},"b":{},"_coverageSchema":"332fd63041d2c1bcb487cc26dd0d5f7d97098a6c","hash":"879bd6efe17260ac9f149857769f5bb4a677ad43"}
,"/Users/yujianbo/Hypers/JiraAgileApp/app/constants/ActionTypes.js": {"path":"/Users/yujianbo/Hypers/JiraAgileApp/app/constants/ActionTypes.js","statementMap":{"0":{"start":{"line":1,"column":21},"end":{"line":1,"column":28}},"1":{"start":{"line":2,"column":22},"end":{"line":2,"column":30}},"2":{"start":{"line":3,"column":27},"end":{"line":3,"column":40}},"3":{"start":{"line":4,"column":41},"end":{"line":4,"column":68}},"4":{"start":{"line":6,"column":34},"end":{"line":6,"column":54}},"5":{"start":{"line":7,"column":35},"end":{"line":7,"column":56}},"6":{"start":{"line":8,"column":32},"end":{"line":8,"column":50}},"7":{"start":{"line":9,"column":33},"end":{"line":9,"column":52}},"8":{"start":{"line":10,"column":27},"end":{"line":10,"column":40}},"9":{"start":{"line":11,"column":29},"end":{"line":11,"column":44}},"10":{"start":{"line":12,"column":33},"end":{"line":12,"column":52}}},"fnMap":{},"branchMap":{},"s":{"0":3,"1":3,"2":3,"3":3,"4":3,"5":3,"6":3,"7":3,"8":3,"9":3,"10":3},"f":{},"b":{},"_coverageSchema":"332fd63041d2c1bcb487cc26dd0d5f7d97098a6c","hash":"b09e3dd67b5c7613e7112ed672348e315c08de27"}
,"/Users/yujianbo/Hypers/JiraAgileApp/app/constants/data.js": {"path":"/Users/yujianbo/Hypers/JiraAgileApp/app/constants/data.js","statementMap":{"0":{"start":{"line":1,"column":22},"end":{"line":10,"column":1}}},"fnMap":{},"branchMap":{},"s":{"0":2},"f":{},"b":{},"_coverageSchema":"332fd63041d2c1bcb487cc26dd0d5f7d97098a6c","hash":"4b5a081b2ce0d0b8c6bec4b82bfd9845630b45cc"}
,"/Users/yujianbo/Hypers/JiraAgileApp/app/locales/index.js": {"path":"/Users/yujianbo/Hypers/JiraAgileApp/app/locales/index.js","statementMap":{},"fnMap":{},"branchMap":{},"s":{},"f":{},"b":{},"_coverageSchema":"332fd63041d2c1bcb487cc26dd0d5f7d97098a6c","hash":"4fb734f2a7f00d527325e3a529053869791d432c"}
,"/Users/yujianbo/Hypers/JiraAgileApp/app/locales/en-US/index.js": {"path":"/Users/yujianbo/Hypers/JiraAgileApp/app/locales/en-US/index.js","statementMap":{},"fnMap":{},"branchMap":{},"s":{},"f":{},"b":{},"_coverageSchema":"332fd63041d2c1bcb487cc26dd0d5f7d97098a6c","hash":"cdfbc25294590594ce3426a6e887f3e6992690d3"}
,"/Users/yujianbo/Hypers/JiraAgileApp/app/locales/zh-CN/index.js": {"path":"/Users/yujianbo/Hypers/JiraAgileApp/app/locales/zh-CN/index.js","statementMap":{},"fnMap":{},"branchMap":{},"s":{},"f":{},"b":{},"_coverageSchema":"332fd63041d2c1bcb487cc26dd0d5f7d97098a6c","hash":"ae82b5640af2821d322123e5c7a300eaefff91af"}
,"/Users/yujianbo/Hypers/JiraAgileApp/app/reducers/allDataReducer.js": {"path":"/Users/yujianbo/Hypers/JiraAgileApp/app/reducers/allDataReducer.js","statementMap":{"0":{"start":{"line":3,"column":21},"end":{"line":10,"column":1}},"1":{"start":{"line":12,"column":21},"end":{"line":64,"column":1}},"2":{"start":{"line":13,"column":2},"end":{"line":63,"column":3}},"3":{"start":{"line":15,"column":6},"end":{"line":19,"column":8}},"4":{"start":{"line":21,"column":6},"end":{"line":25,"column":8}},"5":{"start":{"line":27,"column":6},"end":{"line":31,"column":8}},"6":{"start":{"line":33,"column":6},"end":{"line":37,"column":8}},"7":{"start":{"line":39,"column":6},"end":{"line":43,"column":8}},"8":{"start":{"line":45,"column":6},"end":{"line":48,"column":8}},"9":{"start":{"line":50,"column":6},"end":{"line":54,"column":8}},"10":{"start":{"line":56,"column":6},"end":{"line":60,"column":8}},"11":{"start":{"line":62,"column":6},"end":{"line":62,"column":19}}},"fnMap":{"0":{"name":"(anonymous_0)","decl":{"start":{"line":12,"column":21},"end":{"line":12,"column":22}},"loc":{"start":{"line":12,"column":55},"end":{"line":64,"column":1}},"line":12}},"branchMap":{"0":{"loc":{"start":{"line":12,"column":22},"end":{"line":12,"column":42}},"type":"default-arg","locations":[{"start":{"line":12,"column":30},"end":{"line":12,"column":42}}],"line":12},"1":{"loc":{"start":{"line":13,"column":2},"end":{"line":63,"column":3}},"type":"switch","locations":[{"start":{"line":14,"column":4},"end":{"line":19,"column":8}},{"start":{"line":20,"column":4},"end":{"line":25,"column":8}},{"start":{"line":26,"column":4},"end":{"line":31,"column":8}},{"start":{"line":32,"column":4},"end":{"line":37,"column":8}},{"start":{"line":38,"column":4},"end":{"line":43,"column":8}},{"start":{"line":44,"column":4},"end":{"line":48,"column":8}},{"start":{"line":49,"column":4},"end":{"line":54,"column":8}},{"start":{"line":55,"column":4},"end":{"line":60,"column":8}},{"start":{"line":61,"column":4},"end":{"line":62,"column":19}}],"line":13}},"s":{"0":3,"1":3,"2":31,"3":2,"4":2,"5":2,"6":4,"7":2,"8":2,"9":2,"10":2,"11":13},"f":{"0":31},"b":{"0":[9],"1":[2,2,2,4,2,2,2,2,13]},"_coverageSchema":"332fd63041d2c1bcb487cc26dd0d5f7d97098a6c","hash":"4c95238cb37946cacb6b92bfe47f7e982658d892"}
,"/Users/yujianbo/Hypers/JiraAgileApp/app/reducers/index.js": {"path":"/Users/yujianbo/Hypers/JiraAgileApp/app/reducers/index.js","statementMap":{"0":{"start":{"line":6,"column":20},"end":{"line":10,"column":2}}},"fnMap":{},"branchMap":{},"s":{"0":3},"f":{},"b":{},"_coverageSchema":"332fd63041d2c1bcb487cc26dd0d5f7d97098a6c","hash":"01d3bd743ae035ff379aa61696cd954e481bbb9f"}
,"/Users/yujianbo/Hypers/JiraAgileApp/app/reducers/routes.js": {"path":"/Users/yujianbo/Hypers/JiraAgileApp/app/reducers/routes.js","statementMap":{"0":{"start":{"line":3,"column":21},"end":{"line":5,"column":1}},"1":{"start":{"line":8,"column":2},"end":{"line":16,"column":3}},"2":{"start":{"line":10,"column":6},"end":{"line":13,"column":8}},"3":{"start":{"line":15,"column":6},"end":{"line":15,"column":19}}},"fnMap":{"0":{"name":"reducer","decl":{"start":{"line":7,"column":24},"end":{"line":7,"column":31}},"loc":{"start":{"line":7,"column":67},"end":{"line":17,"column":1}},"line":7}},"branchMap":{"0":{"loc":{"start":{"line":7,"column":32},"end":{"line":7,"column":52}},"type":"default-arg","locations":[{"start":{"line":7,"column":40},"end":{"line":7,"column":52}}],"line":7},"1":{"loc":{"start":{"line":7,"column":54},"end":{"line":7,"column":65}},"type":"default-arg","locations":[{"start":{"line":7,"column":63},"end":{"line":7,"column":65}}],"line":7},"2":{"loc":{"start":{"line":8,"column":2},"end":{"line":16,"column":3}},"type":"switch","locations":[{"start":{"line":9,"column":4},"end":{"line":13,"column":8}},{"start":{"line":14,"column":4},"end":{"line":15,"column":19}}],"line":8}},"s":{"0":3,"1":31,"2":0,"3":31},"f":{"0":31},"b":{"0":[9],"1":[0],"2":[0,31]},"_coverageSchema":"332fd63041d2c1bcb487cc26dd0d5f7d97098a6c","hash":"b9e5297226c22cc38f9dc0448588199a1f7c26ea"}
,"/Users/yujianbo/Hypers/JiraAgileApp/app/reducers/sessionReducer.js": {"path":"/Users/yujianbo/Hypers/JiraAgileApp/app/reducers/sessionReducer.js","statementMap":{"0":{"start":{"line":3,"column":28},"end":{"line":7,"column":1}},"1":{"start":{"line":10,"column":21},"end":{"line":31,"column":1}},"2":{"start":{"line":11,"column":2},"end":{"line":30,"column":3}},"3":{"start":{"line":13,"column":6},"end":{"line":18,"column":8}},"4":{"start":{"line":20,"column":6},"end":{"line":22,"column":7}},"5":{"start":{"line":24,"column":6},"end":{"line":27,"column":7}},"6":{"start":{"line":29,"column":6},"end":{"line":29,"column":19}}},"fnMap":{"0":{"name":"(anonymous_0)","decl":{"start":{"line":10,"column":21},"end":{"line":10,"column":22}},"loc":{"start":{"line":10,"column":55},"end":{"line":31,"column":1}},"line":10}},"branchMap":{"0":{"loc":{"start":{"line":10,"column":22},"end":{"line":10,"column":42}},"type":"default-arg","locations":[{"start":{"line":10,"column":30},"end":{"line":10,"column":42}}],"line":10},"1":{"loc":{"start":{"line":11,"column":2},"end":{"line":30,"column":3}},"type":"switch","locations":[{"start":{"line":12,"column":4},"end":{"line":18,"column":8}},{"start":{"line":19,"column":4},"end":{"line":22,"column":7}},{"start":{"line":23,"column":4},"end":{"line":27,"column":7}},{"start":{"line":28,"column":4},"end":{"line":29,"column":19}}],"line":11}},"s":{"0":3,"1":3,"2":31,"3":2,"4":1,"5":1,"6":27},"f":{"0":31},"b":{"0":[9],"1":[2,1,1,27]},"_coverageSchema":"332fd63041d2c1bcb487cc26dd0d5f7d97098a6c","hash":"4283a328d2af06d26b99040362763581503d4f7d"}
,"/Users/yujianbo/Hypers/JiraAgileApp/app/styles/App.style.js": {"path":"/Users/yujianbo/Hypers/JiraAgileApp/app/styles/App.style.js","statementMap":{},"fnMap":{},"branchMap":{},"s":{},"f":{},"b":{},"_coverageSchema":"332fd63041d2c1bcb487cc26dd0d5f7d97098a6c","hash":"35832c82e0be46632271fe5bfd3e83e971b2a10b"}
,"/Users/yujianbo/Hypers/JiraAgileApp/app/styles/BoardView.style.js": {"path":"/Users/yujianbo/Hypers/JiraAgileApp/app/styles/BoardView.style.js","statementMap":{"0":{"start":{"line":4,"column":16},"end":{"line":4,"column":50}},"1":{"start":{"line":5,"column":2},"end":{"line":5,"column":27}},"2":{"start":{"line":7,"column":57},"end":{"line":7,"column":81}},"3":{"start":{"line":8,"column":20},"end":{"line":8,"column":40}},"4":{"start":{"line":9,"column":19},"end":{"line":9,"column":25}},"5":{"start":{"line":10,"column":29},"end":{"line":10,"column":34}},"6":{"start":{"line":12,"column":27},"end":{"line":12,"column":40}},"7":{"start":{"line":13,"column":25},"end":{"line":13,"column":62}}},"fnMap":{"0":{"name":"wp","decl":{"start":{"line":3,"column":9},"end":{"line":3,"column":11}},"loc":{"start":{"line":3,"column":24},"end":{"line":6,"column":1}},"line":3}},"branchMap":{},"s":{"0":4,"1":4,"2":2,"3":2,"4":2,"5":2,"6":2,"7":2},"f":{"0":4},"b":{},"_coverageSchema":"332fd63041d2c1bcb487cc26dd0d5f7d97098a6c","hash":"ec9df556c9f9f6d96a55529d8bfae4564127a51c"}
,"/Users/yujianbo/Hypers/JiraAgileApp/app/styles/DetailView.style.js": {"path":"/Users/yujianbo/Hypers/JiraAgileApp/app/styles/DetailView.style.js","statementMap":{},"fnMap":{},"branchMap":{},"s":{},"f":{},"b":{},"_coverageSchema":"332fd63041d2c1bcb487cc26dd0d5f7d97098a6c","hash":"c7568368df3947a40d401317f13308e55bffc9c4"}
,"/Users/yujianbo/Hypers/JiraAgileApp/app/styles/LoadingView.style.js": {"path":"/Users/yujianbo/Hypers/JiraAgileApp/app/styles/LoadingView.style.js","statementMap":{},"fnMap":{},"branchMap":{},"s":{},"f":{},"b":{},"_coverageSchema":"332fd63041d2c1bcb487cc26dd0d5f7d97098a6c","hash":"bbac8f60f5c99910beaaa53fb57164255d0ebcb8"}
,"/Users/yujianbo/Hypers/JiraAgileApp/app/styles/LoginView.style.js": {"path":"/Users/yujianbo/Hypers/JiraAgileApp/app/styles/LoginView.style.js","statementMap":{},"fnMap":{},"branchMap":{},"s":{},"f":{},"b":{},"_coverageSchema":"332fd63041d2c1bcb487cc26dd0d5f7d97098a6c","hash":"2b99248e497738ba864392d00d93af168e0ee859"}
,"/Users/yujianbo/Hypers/JiraAgileApp/app/styles/Menu.style.js": {"path":"/Users/yujianbo/Hypers/JiraAgileApp/app/styles/Menu.style.js","statementMap":{"0":{"start":{"line":3,"column":15},"end":{"line":3,"column":39}}},"fnMap":{},"branchMap":{},"s":{"0":2},"f":{},"b":{},"_coverageSchema":"332fd63041d2c1bcb487cc26dd0d5f7d97098a6c","hash":"6ed98998b0cad47c69d77db722b994d5f329f226"}
,"/Users/yujianbo/Hypers/JiraAgileApp/app/styles/NavBar.style.js": {"path":"/Users/yujianbo/Hypers/JiraAgileApp/app/styles/NavBar.style.js","statementMap":{},"fnMap":{},"branchMap":{},"s":{},"f":{},"b":{},"_coverageSchema":"332fd63041d2c1bcb487cc26dd0d5f7d97098a6c","hash":"e9b7b964e630d541b922a303c7e65961258de87c"}
,"/Users/yujianbo/Hypers/JiraAgileApp/app/styles/SettingView.style.js": {"path":"/Users/yujianbo/Hypers/JiraAgileApp/app/styles/SettingView.style.js","statementMap":{},"fnMap":{},"branchMap":{},"s":{},"f":{},"b":{},"_coverageSchema":"332fd63041d2c1bcb487cc26dd0d5f7d97098a6c","hash":"3b7d3bbc9d2900b2583ffdcbd720b274cea9f346"}
,"/Users/yujianbo/Hypers/JiraAgileApp/app/styles/SliderEntry.style.js": {"path":"/Users/yujianbo/Hypers/JiraAgileApp/app/styles/SliderEntry.style.js","statementMap":{"0":{"start":{"line":3,"column":22},"end":{"line":8,"column":1}},"1":{"start":{"line":9,"column":57},"end":{"line":9,"column":81}},"2":{"start":{"line":12,"column":16},"end":{"line":12,"column":50}},"3":{"start":{"line":13,"column":2},"end":{"line":13,"column":27}},"4":{"start":{"line":16,"column":20},"end":{"line":16,"column":40}},"5":{"start":{"line":17,"column":19},"end":{"line":17,"column":25}},"6":{"start":{"line":18,"column":29},"end":{"line":18,"column":34}},"7":{"start":{"line":20,"column":27},"end":{"line":20,"column":40}},"8":{"start":{"line":21,"column":25},"end":{"line":21,"column":62}},"9":{"start":{"line":23,"column":26},"end":{"line":23,"column":27}}},"fnMap":{"0":{"name":"wp","decl":{"start":{"line":11,"column":9},"end":{"line":11,"column":11}},"loc":{"start":{"line":11,"column":24},"end":{"line":14,"column":1}},"line":11}},"branchMap":{},"s":{"0":3,"1":3,"2":6,"3":6,"4":3,"5":3,"6":3,"7":3,"8":3,"9":3},"f":{"0":6},"b":{},"_coverageSchema":"332fd63041d2c1bcb487cc26dd0d5f7d97098a6c","hash":"29909b91e25aec007c772c76b55d2f0c7c8d59f1"}
,"/Users/yujianbo/Hypers/JiraAgileApp/app/styles/Worklog.style.js": {"path":"/Users/yujianbo/Hypers/JiraAgileApp/app/styles/Worklog.style.js","statementMap":{},"fnMap":{},"branchMap":{},"s":{},"f":{},"b":{},"_coverageSchema":"332fd63041d2c1bcb487cc26dd0d5f7d97098a6c","hash":"c2196046ca0c2274eb32dfcfb770b71b7fd42406"}
,"/Users/yujianbo/Hypers/JiraAgileApp/app/styles/WorklogForm.style.js": {"path":"/Users/yujianbo/Hypers/JiraAgileApp/app/styles/WorklogForm.style.js","statementMap":{"0":{"start":{"line":7,"column":15},"end":{"line":7,"column":39}},"1":{"start":{"line":9,"column":15},"end":{"line":45,"column":2}}},"fnMap":{},"branchMap":{},"s":{"0":2,"1":2},"f":{},"b":{},"_coverageSchema":"332fd63041d2c1bcb487cc26dd0d5f7d97098a6c","hash":"c888ac44e7121344c4c20e037eb72272c8e690f5"}
,"/Users/yujianbo/Hypers/JiraAgileApp/app/utils/commen.js": {"path":"/Users/yujianbo/Hypers/JiraAgileApp/app/utils/commen.js","statementMap":{"0":{"start":{"line":2,"column":16},"end":{"line":2,"column":18}},"1":{"start":{"line":3,"column":2},"end":{"line":10,"column":3}},"2":{"start":{"line":4,"column":12},"end":{"line":4,"column":25}},"3":{"start":{"line":5,"column":4},"end":{"line":9,"column":5}},"4":{"start":{"line":6,"column":6},"end":{"line":6,"column":25}},"5":{"start":{"line":8,"column":6},"end":{"line":8,"column":12}},"6":{"start":{"line":11,"column":2},"end":{"line":11,"column":17}}},"fnMap":{"0":{"name":"getMatches","decl":{"start":{"line":1,"column":16},"end":{"line":1,"column":26}},"loc":{"start":{"line":1,"column":37},"end":{"line":12,"column":1}},"line":1}},"branchMap":{"0":{"loc":{"start":{"line":5,"column":4},"end":{"line":9,"column":5}},"type":"if","locations":[{"start":{"line":5,"column":4},"end":{"line":9,"column":5}},{"start":{"line":5,"column":4},"end":{"line":9,"column":5}}],"line":5}},"s":{"0":0,"1":0,"2":0,"3":0,"4":0,"5":0,"6":0},"f":{"0":0},"b":{"0":[0,0]},"_coverageSchema":"332fd63041d2c1bcb487cc26dd0d5f7d97098a6c","hash":"1528cf6cd56d2b196babb71564d6eb0b7677b866"}
,"/Users/yujianbo/Hypers/JiraAgileApp/app/utils/fetchData.js": {"path":"/Users/yujianbo/Hypers/JiraAgileApp/app/utils/fetchData.js","statementMap":{"0":{"start":{"line":6,"column":20},"end":{"line":14,"column":3}},"1":{"start":{"line":15,"column":2},"end":{"line":22,"column":7}},"2":{"start":{"line":16,"column":24},"end":{"line":16,"column":39}},"3":{"start":{"line":18,"column":6},"end":{"line":18,"column":36}},"4":{"start":{"line":21,"column":6},"end":{"line":21,"column":26}}},"fnMap":{"0":{"name":"fetchData","decl":{"start":{"line":5,"column":24},"end":{"line":5,"column":33}},"loc":{"start":{"line":5,"column":79},"end":{"line":23,"column":1}},"line":5},"1":{"name":"(anonymous_1)","decl":{"start":{"line":16,"column":10},"end":{"line":16,"column":11}},"loc":{"start":{"line":16,"column":24},"end":{"line":16,"column":39}},"line":16},"2":{"name":"(anonymous_2)","decl":{"start":{"line":17,"column":10},"end":{"line":17,"column":11}},"loc":{"start":{"line":17,"column":28},"end":{"line":19,"column":5}},"line":17},"3":{"name":"(anonymous_3)","decl":{"start":{"line":20,"column":11},"end":{"line":20,"column":12}},"loc":{"start":{"line":20,"column":22},"end":{"line":22,"column":5}},"line":20}},"branchMap":{},"s":{"0":10,"1":10,"2":10,"3":10,"4":0},"f":{"0":10,"1":10,"2":10,"3":0},"b":{},"_coverageSchema":"332fd63041d2c1bcb487cc26dd0d5f7d97098a6c","hash":"6863e53fe5897a2ee47e4f18a4b8eccab600cbf2"}
}
