TN:
SF:/Users/yujianbo/Hypers/JiraAgileApp/index.android.js
FN:10,(anonymous_0)
FN:11,(anonymous_1)
FN:12,(anonymous_2)
FN:13,(anonymous_3)
FN:14,(anonymous_4)
FN:47,(anonymous_5)
FN:54,(anonymous_6)
FNF:7
FNH:0
FNDA:0,(anonymous_0)
FNDA:0,(anonymous_1)
FNDA:0,(anonymous_2)
FNDA:0,(anonymous_3)
FNDA:0,(anonymous_4)
FNDA:0,(anonymous_5)
FNDA:0,(anonymous_6)
DA:7,1
DA:9,0
DA:18,1
DA:19,1
DA:25,1
DA:27,1
DA:31,1
DA:33,1
DA:36,0
DA:37,0
DA:38,0
DA:42,0
DA:48,0
DA:54,1
LF:14
LH:8
BRDA:7,0,0,0
BRDA:7,0,1,1
BRDA:18,1,0,1
BRDA:18,1,1,0
BRDA:31,2,0,1
BRDA:31,2,1,0
BRDA:33,3,0,0
BRDA:33,3,1,1
BRF:8
BRH:4
end_of_record
TN:
SF:/Users/yujianbo/Hypers/JiraAgileApp/index.ios.js
FN:13,(anonymous_0)
FN:14,(anonymous_1)
FN:15,(anonymous_2)
FN:16,(anonymous_3)
FN:17,(anonymous_4)
FN:40,(anonymous_5)
FN:48,(anonymous_6)
FNF:7
FNH:0
FNDA:0,(anonymous_0)
FNDA:0,(anonymous_1)
FNDA:0,(anonymous_2)
FNDA:0,(anonymous_3)
FNDA:0,(anonymous_4)
FNDA:0,(anonymous_5)
FNDA:0,(anonymous_6)
DA:11,1
DA:12,0
DA:21,1
DA:41,0
DA:48,1
LF:5
LH:3
BRDA:11,0,0,0
BRDA:11,0,1,1
BRDA:21,1,0,1
BRDA:21,1,1,0
BRF:4
BRH:2
end_of_record
TN:
SF:/Users/yujianbo/Hypers/JiraAgileApp/app/setup.js
FN:40,(anonymous_0)
FN:46,(anonymous_1)
FN:49,(anonymous_2)
FN:51,(anonymous_3)
FN:63,(anonymous_4)
FN:70,(anonymous_5)
FNF:6
FNH:0
FNDA:0,(anonymous_0)
FNDA:0,(anonymous_1)
FNDA:0,(anonymous_2)
FNDA:0,(anonymous_3)
FNDA:0,(anonymous_4)
FNDA:0,(anonymous_5)
DA:26,2
DA:28,2
DA:29,2
DA:33,2
DA:41,0
DA:42,0
DA:47,0
DA:50,0
DA:51,0
DA:52,0
DA:57,0
DA:64,0
DA:65,0
DA:71,0
DA:72,0
DA:98,2
LF:16
LH:5
BRDA:50,0,0,0
BRDA:50,0,1,0
BRDA:53,1,0,0
BRDA:53,1,1,0
BRDA:58,2,0,0
BRDA:58,2,1,0
BRF:6
BRH:0
end_of_record
TN:
SF:/Users/yujianbo/Hypers/JiraAgileApp/app/actions/actionHelper.js
FN:6,getServer
FN:7,(anonymous_1)
FN:17,createFetchAction
FN:28,(anonymous_3)
FN:29,(anonymous_4)
FN:32,(anonymous_5)
FN:38,(anonymous_6)
FN:45,(anonymous_7)
FNF:8
FNH:7
FNDA:9,getServer
FNDA:9,(anonymous_1)
FNDA:10,createFetchAction
FNDA:10,(anonymous_3)
FNDA:10,(anonymous_4)
FNDA:0,(anonymous_5)
FNDA:10,(anonymous_6)
FNDA:9,(anonymous_7)
DA:7,9
DA:8,9
DA:9,0
DA:11,9
DA:12,9
DA:27,10
DA:28,10
DA:29,10
DA:30,10
DA:31,10
DA:33,0
DA:34,0
DA:38,10
DA:39,10
DA:40,10
DA:41,1
DA:42,1
DA:45,9
DA:46,9
LF:19
LH:16
BRDA:8,0,0,0
BRDA:8,0,1,9
BRDA:24,1,0,10
BRDA:31,2,0,10
BRDA:31,2,1,10
BRDA:34,3,0,0
BRDA:34,3,1,0
BRDA:39,4,0,10
BRDA:39,4,1,10
BRDA:40,5,0,1
BRDA:40,5,1,9
BRDA:46,6,0,9
BRDA:46,6,1,9
BRF:13
BRH:10
end_of_record
TN:
SF:/Users/yujianbo/Hypers/JiraAgileApp/app/actions/allData.js
FN:6,(anonymous_0)
FN:14,fetchDetail
FN:25,(anonymous_2)
FN:33,fetchProjectList
FN:43,(anonymous_4)
FN:51,fetchStatusConfig
FN:61,(anonymous_6)
FN:69,fetchIssueList
FN:80,(anonymous_8)
FN:88,fetchUserConfig
FN:98,(anonymous_10)
FN:105,addWorklog
FN:120,(anonymous_12)
FN:128,fetchWorklog
FN:139,(anonymous_14)
FN:147,fetchFilterList
FNF:16
FNH:16
FNDA:2,(anonymous_0)
FNDA:1,fetchDetail
FNDA:2,(anonymous_2)
FNDA:1,fetchProjectList
FNDA:2,(anonymous_4)
FNDA:1,fetchStatusConfig
FNDA:4,(anonymous_6)
FNDA:2,fetchIssueList
FNDA:2,(anonymous_8)
FNDA:1,fetchUserConfig
FNDA:2,(anonymous_10)
FNDA:1,addWorklog
FNDA:2,(anonymous_12)
FNDA:1,fetchWorklog
FNDA:2,(anonymous_14)
FNDA:1,fetchFilterList
DA:6,3
DA:7,2
DA:15,1
DA:25,3
DA:26,2
DA:34,1
DA:43,3
DA:44,2
DA:52,1
DA:61,3
DA:62,4
DA:70,2
DA:71,2
DA:80,3
DA:81,2
DA:89,1
DA:98,3
DA:99,2
DA:106,1
DA:107,1
DA:120,3
DA:121,2
DA:129,1
DA:130,1
DA:139,3
DA:140,2
DA:148,1
LF:27
LH:27
BRDA:70,0,0,2
BRDA:70,0,1,1
BRF:2
BRH:2
end_of_record
TN:
SF:/Users/yujianbo/Hypers/JiraAgileApp/app/actions/session.js
FN:5,(anonymous_0)
FN:13,(anonymous_1)
FN:19,(anonymous_2)
FN:26,login
FN:43,(anonymous_4)
FN:50,logout
FN:51,(anonymous_6)
FNF:7
FNH:7
FNDA:2,(anonymous_0)
FNDA:1,(anonymous_1)
FNDA:1,(anonymous_2)
FNDA:1,login
FNDA:1,(anonymous_4)
FNDA:1,logout
FNDA:1,(anonymous_6)
DA:5,3
DA:6,2
DA:13,3
DA:14,1
DA:19,3
DA:20,1
DA:27,1
DA:29,1
DA:34,1
DA:44,1
DA:45,1
DA:51,1
DA:52,1
LF:13
LH:13
BRDA:45,0,0,1
BRDA:45,0,1,1
BRF:2
BRH:2
end_of_record
TN:
SF:/Users/yujianbo/Hypers/JiraAgileApp/app/components/Avatar.js
FN:30,(anonymous_0)
FNF:1
FNH:1
FNDA:2,(anonymous_0)
DA:11,5
DA:31,2
DA:32,2
DA:33,2
DA:34,2
DA:35,2
DA:43,0
DA:52,0
DA:60,2
LF:9
LH:7
BRDA:33,0,0,2
BRDA:33,0,1,0
BRDA:34,1,0,2
BRDA:34,1,1,0
BRF:4
BRH:2
end_of_record
TN:
SF:/Users/yujianbo/Hypers/JiraAgileApp/app/components/BoardView.js
FN:18,(anonymous_0)
FN:23,(anonymous_1)
FN:27,(anonymous_2)
FN:29,(anonymous_3)
FN:32,(anonymous_4)
FN:40,(anonymous_5)
FN:51,(anonymous_6)
FN:63,(anonymous_7)
FNF:8
FNH:0
FNDA:0,(anonymous_0)
FNDA:0,(anonymous_1)
FNDA:0,(anonymous_2)
FNDA:0,(anonymous_3)
FNDA:0,(anonymous_4)
FNDA:0,(anonymous_5)
FNDA:0,(anonymous_6)
FNDA:0,(anonymous_7)
DA:19,0
DA:20,0
DA:24,0
DA:28,0
DA:29,0
DA:41,0
DA:52,0
DA:53,0
DA:63,0
DA:76,2
LF:10
LH:1
BRDA:29,0,0,0
BRDA:29,0,1,0
BRDA:55,1,0,0
BRDA:55,1,1,0
BRF:4
BRH:0
end_of_record
TN:
SF:/Users/yujianbo/Hypers/JiraAgileApp/app/components/DetailView.js
FN:60,(anonymous_0)
FN:67,(anonymous_1)
FN:71,(anonymous_2)
FN:73,(anonymous_3)
FN:80,(anonymous_4)
FN:87,(anonymous_5)
FN:95,(anonymous_6)
FN:106,(anonymous_7)
FN:117,(anonymous_8)
FN:205,mapDispatch2Props
FNF:10
FNH:0
FNDA:0,(anonymous_0)
FNDA:0,(anonymous_1)
FNDA:0,(anonymous_2)
FNDA:0,(anonymous_3)
FNDA:0,(anonymous_4)
FNDA:0,(anonymous_5)
FNDA:0,(anonymous_6)
FNDA:0,(anonymous_7)
FNDA:0,(anonymous_8)
FNDA:0,mapDispatch2Props
DA:32,2
DA:45,2
DA:61,0
DA:62,0
DA:68,0
DA:72,0
DA:73,0
DA:74,0
DA:81,0
DA:82,0
DA:88,0
DA:89,0
DA:96,0
DA:107,0
DA:108,0
DA:109,0
DA:111,0
DA:112,0
DA:117,0
DA:197,2
DA:201,2
DA:206,0
DA:210,0
LF:23
LH:4
BRDA:119,0,0,0
BRDA:119,0,1,0
BRDA:119,1,0,0
BRDA:119,1,1,0
BRDA:132,2,0,0
BRDA:132,2,1,0
BRDA:136,3,0,0
BRDA:136,3,1,0
BRDA:140,4,0,0
BRDA:140,4,1,0
BRDA:153,5,0,0
BRDA:153,5,1,0
BRDA:162,6,0,0
BRDA:162,6,1,0
BRF:14
BRH:0
end_of_record
TN:
SF:/Users/yujianbo/Hypers/JiraAgileApp/app/components/FilterResult.js
FN:21,(anonymous_0)
FN:31,(anonymous_1)
FN:35,(anonymous_2)
FN:39,(anonymous_3)
FN:46,(anonymous_4)
FN:53,(anonymous_5)
FN:64,(anonymous_6)
FN:72,(anonymous_7)
FN:89,mapDispatch2Props
FNF:9
FNH:0
FNDA:0,(anonymous_0)
FNDA:0,(anonymous_1)
FNDA:0,(anonymous_2)
FNDA:0,(anonymous_3)
FNDA:0,(anonymous_4)
FNDA:0,(anonymous_5)
FNDA:0,(anonymous_6)
FNDA:0,(anonymous_7)
FNDA:0,mapDispatch2Props
DA:22,0
DA:23,0
DA:32,0
DA:36,0
DA:40,0
DA:41,0
DA:42,0
DA:47,0
DA:48,0
DA:49,0
DA:54,0
DA:65,0
DA:66,0
DA:67,0
DA:72,0
DA:90,0
DA:94,0
LF:17
LH:0
BRDA:41,0,0,0
BRDA:41,0,1,0
BRDA:57,1,0,0
BRDA:57,1,1,0
BRF:4
BRH:0
end_of_record
TN:
SF:/Users/yujianbo/Hypers/JiraAgileApp/app/components/HomeView.js
FN:33,(anonymous_0)
FN:51,(anonymous_1)
FN:52,(anonymous_2)
FN:55,(anonymous_3)
FN:62,(anonymous_4)
FN:65,(anonymous_5)
FN:68,(anonymous_6)
FN:73,(anonymous_7)
FN:82,(anonymous_8)
FN:87,(anonymous_9)
FN:93,(anonymous_10)
FN:95,(anonymous_11)
FN:96,(anonymous_12)
FN:108,(anonymous_13)
FN:110,(anonymous_14)
FN:112,(anonymous_15)
FN:113,(anonymous_16)
FN:130,(anonymous_17)
FN:132,(anonymous_18)
FN:139,(anonymous_19)
FN:141,(anonymous_20)
FN:148,(anonymous_21)
FN:158,(anonymous_22)
FN:170,(anonymous_23)
FN:176,(anonymous_24)
FN:201,(anonymous_25)
FN:218,(anonymous_26)
FN:224,(anonymous_27)
FN:231,mapState2Props
FN:241,mapDispatch2Props
FNF:30
FNH:0
FNDA:0,(anonymous_0)
FNDA:0,(anonymous_1)
FNDA:0,(anonymous_2)
FNDA:0,(anonymous_3)
FNDA:0,(anonymous_4)
FNDA:0,(anonymous_5)
FNDA:0,(anonymous_6)
FNDA:0,(anonymous_7)
FNDA:0,(anonymous_8)
FNDA:0,(anonymous_9)
FNDA:0,(anonymous_10)
FNDA:0,(anonymous_11)
FNDA:0,(anonymous_12)
FNDA:0,(anonymous_13)
FNDA:0,(anonymous_14)
FNDA:0,(anonymous_15)
FNDA:0,(anonymous_16)
FNDA:0,(anonymous_17)
FNDA:0,(anonymous_18)
FNDA:0,(anonymous_19)
FNDA:0,(anonymous_20)
FNDA:0,(anonymous_21)
FNDA:0,(anonymous_22)
FNDA:0,(anonymous_23)
FNDA:0,(anonymous_24)
FNDA:0,(anonymous_25)
FNDA:0,(anonymous_26)
FNDA:0,(anonymous_27)
FNDA:0,mapState2Props
FNDA:0,mapDispatch2Props
DA:34,0
DA:35,0
DA:44,0
DA:45,0
DA:46,0
DA:47,0
DA:48,0
DA:49,0
DA:52,0
DA:53,0
DA:55,0
DA:56,0
DA:58,0
DA:59,0
DA:63,0
DA:66,0
DA:69,0
DA:74,0
DA:79,0
DA:83,0
DA:84,0
DA:88,0
DA:89,0
DA:90,0
DA:94,0
DA:95,0
DA:96,0
DA:97,0
DA:102,0
DA:109,0
DA:110,0
DA:111,0
DA:112,0
DA:113,0
DA:114,0
DA:115,0
DA:120,0
DA:122,0
DA:124,0
DA:131,0
DA:132,0
DA:133,0
DA:140,0
DA:141,0
DA:142,0
DA:149,0
DA:150,0
DA:159,0
DA:160,0
DA:172,0
DA:173,0
DA:176,0
DA:181,0
DA:203,0
DA:204,0
DA:205,0
DA:218,0
DA:224,0
DA:232,0
DA:233,0
DA:242,0
DA:247,0
LF:62
LH:0
BRDA:53,0,0,0
BRDA:53,0,1,0
BRDA:114,1,0,0
BRDA:114,1,1,0
BRDA:176,2,0,0
BRDA:176,2,1,0
BRDA:176,2,2,0
BRDA:176,3,0,0
BRDA:176,3,1,0
BRDA:221,4,0,0
BRDA:221,4,1,0
BRF:11
BRH:0
end_of_record
TN:
SF:/Users/yujianbo/Hypers/JiraAgileApp/app/components/IssueItem.js
FN:29,(anonymous_0)
FN:38,(anonymous_1)
FNF:2
FNH:1
FNDA:3,(anonymous_0)
FNDA:0,(anonymous_1)
DA:18,3
DA:30,3
DA:31,3
DA:32,3
DA:33,2
DA:36,1
DA:39,0
DA:67,3
LF:8
LH:7
BRDA:32,0,0,2
BRDA:32,0,1,1
BRF:2
BRH:2
end_of_record
TN:
SF:/Users/yujianbo/Hypers/JiraAgileApp/app/components/IssueList.js
FN:24,(anonymous_0)
FN:30,(anonymous_1)
FN:40,(anonymous_2)
FN:42,(anonymous_3)
FN:44,(anonymous_4)
FN:46,(anonymous_5)
FN:55,(anonymous_6)
FN:60,(anonymous_7)
FN:66,(anonymous_8)
FNF:9
FNH:0
FNDA:0,(anonymous_0)
FNDA:0,(anonymous_1)
FNDA:0,(anonymous_2)
FNDA:0,(anonymous_3)
FNDA:0,(anonymous_4)
FNDA:0,(anonymous_5)
FNDA:0,(anonymous_6)
FNDA:0,(anonymous_7)
FNDA:0,(anonymous_8)
DA:20,2
DA:25,0
DA:31,0
DA:40,0
DA:42,0
DA:44,0
DA:47,0
DA:48,0
DA:56,0
DA:61,0
DA:67,0
DA:69,0
LF:12
LH:1
BRDA:50,0,0,0
BRDA:50,0,1,0
BRF:2
BRH:0
end_of_record
TN:
SF:/Users/yujianbo/Hypers/JiraAgileApp/app/components/Launch.js
FN:11,(anonymous_0)
FN:17,(anonymous_1)
FN:19,(anonymous_2)
FN:21,(anonymous_3)
FN:27,(anonymous_4)
FN:33,(anonymous_5)
FN:54,(anonymous_6)
FN:57,(anonymous_7)
FN:60,(anonymous_8)
FN:71,mapDispatch2Props
FNF:10
FNH:0
FNDA:0,(anonymous_0)
FNDA:0,(anonymous_1)
FNDA:0,(anonymous_2)
FNDA:0,(anonymous_3)
FNDA:0,(anonymous_4)
FNDA:0,(anonymous_5)
FNDA:0,(anonymous_6)
FNDA:0,(anonymous_7)
FNDA:0,(anonymous_8)
FNDA:0,mapDispatch2Props
DA:12,0
DA:13,0
DA:18,0
DA:19,0
DA:20,0
DA:21,0
DA:22,0
DA:23,0
DA:25,0
DA:28,0
DA:31,0
DA:34,0
DA:55,0
DA:58,0
DA:61,0
DA:72,0
DA:73,0
LF:17
LH:0
BRDA:20,0,0,0
BRDA:20,0,1,0
BRDA:22,1,0,0
BRDA:22,1,1,0
BRDA:23,2,0,0
BRDA:23,2,1,0
BRDA:25,3,0,0
BRDA:25,3,1,0
BRDA:28,4,0,0
BRDA:28,4,1,0
BRDA:31,5,0,0
BRDA:31,5,1,0
BRDA:34,6,0,0
BRDA:34,6,1,0
BRF:14
BRH:0
end_of_record
TN:
SF:/Users/yujianbo/Hypers/JiraAgileApp/app/components/LoadingView.js
FN:13,(anonymous_0)
FNF:1
FNH:0
FNDA:0,(anonymous_0)
DA:14,0
DA:15,0
LF:2
LH:0
BRF:0
BRH:0
end_of_record
TN:
SF:/Users/yujianbo/Hypers/JiraAgileApp/app/components/LoginView.js
FN:24,(anonymous_0)
FN:39,(anonymous_1)
FN:60,(anonymous_2)
FN:63,(anonymous_3)
FN:73,(anonymous_4)
FN:78,(anonymous_5)
FN:82,(anonymous_6)
FN:89,(anonymous_7)
FN:105,(anonymous_8)
FN:118,(anonymous_9)
FN:131,(anonymous_10)
FN:138,(anonymous_11)
FN:149,(anonymous_12)
FN:155,(anonymous_13)
FN:159,(anonymous_14)
FN:162,(anonymous_15)
FN:180,mapState2Props
FN:188,mapDispatch2Props
FNF:18
FNH:0
FNDA:0,(anonymous_0)
FNDA:0,(anonymous_1)
FNDA:0,(anonymous_2)
FNDA:0,(anonymous_3)
FNDA:0,(anonymous_4)
FNDA:0,(anonymous_5)
FNDA:0,(anonymous_6)
FNDA:0,(anonymous_7)
FNDA:0,(anonymous_8)
FNDA:0,(anonymous_9)
FNDA:0,(anonymous_10)
FNDA:0,(anonymous_11)
FNDA:0,(anonymous_12)
FNDA:0,(anonymous_13)
FNDA:0,(anonymous_14)
FNDA:0,(anonymous_15)
FNDA:0,mapState2Props
FNDA:0,mapDispatch2Props
DA:25,0
DA:26,0
DA:27,0
DA:28,0
DA:29,0
DA:30,0
DA:31,0
DA:40,0
DA:41,0
DA:43,0
DA:44,0
DA:45,0
DA:46,0
DA:47,0
DA:48,0
DA:50,0
DA:51,0
DA:52,0
DA:54,0
DA:61,0
DA:62,0
DA:63,0
DA:65,0
DA:66,0
DA:67,0
DA:68,0
DA:70,0
DA:71,0
DA:72,0
DA:74,0
DA:79,0
DA:83,0
DA:86,0
DA:90,0
DA:91,0
DA:92,0
DA:93,0
DA:105,0
DA:118,0
DA:131,0
DA:139,0
DA:140,0
DA:142,0
DA:150,0
DA:155,0
DA:160,0
DA:163,0
DA:164,0
DA:165,0
DA:167,0
DA:171,2
DA:176,2
DA:181,0
DA:182,0
DA:189,0
DA:190,0
LF:56
LH:2
BRDA:43,0,0,0
BRDA:43,0,1,0
BRDA:46,1,0,0
BRDA:46,1,1,0
BRDA:46,2,0,0
BRDA:46,2,1,0
BRDA:51,3,0,0
BRDA:51,3,1,0
BRDA:56,4,0,0
BRDA:56,4,1,0
BRDA:66,5,0,0
BRDA:66,5,1,0
BRDA:139,6,0,0
BRDA:139,6,1,0
BRDA:164,7,0,0
BRDA:164,7,1,0
BRF:16
BRH:0
end_of_record
TN:
SF:/Users/yujianbo/Hypers/JiraAgileApp/app/components/Menu.js
FN:18,(anonymous_0)
FN:22,(anonymous_1)
FN:29,(anonymous_2)
FN:34,(anonymous_3)
FN:43,(anonymous_4)
FN:51,(anonymous_5)
FNF:6
FNH:0
FNDA:0,(anonymous_0)
FNDA:0,(anonymous_1)
FNDA:0,(anonymous_2)
FNDA:0,(anonymous_3)
FNDA:0,(anonymous_4)
FNDA:0,(anonymous_5)
DA:19,0
DA:23,0
DA:24,0
DA:30,0
DA:31,0
DA:34,0
DA:44,0
DA:53,0
DA:54,0
DA:56,0
DA:96,2
LF:11
LH:1
BRDA:35,0,0,0
BRDA:35,0,1,0
BRDA:35,1,0,0
BRDA:35,1,1,0
BRDA:54,2,0,0
BRDA:54,2,1,0
BRDA:61,3,0,0
BRDA:61,3,1,0
BRF:8
BRH:0
end_of_record
TN:
SF:/Users/yujianbo/Hypers/JiraAgileApp/app/components/MoreView.js
FN:21,(anonymous_0)
FN:29,(anonymous_1)
FN:33,(anonymous_2)
FN:35,(anonymous_3)
FN:43,(anonymous_4)
FN:51,(anonymous_5)
FN:54,(anonymous_6)
FN:58,(anonymous_7)
FN:60,(anonymous_8)
FN:63,(anonymous_9)
FN:70,(anonymous_10)
FN:89,mapDispatch2Props
FNF:12
FNH:0
FNDA:0,(anonymous_0)
FNDA:0,(anonymous_1)
FNDA:0,(anonymous_2)
FNDA:0,(anonymous_3)
FNDA:0,(anonymous_4)
FNDA:0,(anonymous_5)
FNDA:0,(anonymous_6)
FNDA:0,(anonymous_7)
FNDA:0,(anonymous_8)
FNDA:0,(anonymous_9)
FNDA:0,(anonymous_10)
FNDA:0,mapDispatch2Props
DA:22,0
DA:23,0
DA:30,0
DA:34,0
DA:35,0
DA:36,0
DA:44,0
DA:45,0
DA:52,0
DA:53,0
DA:54,0
DA:59,0
DA:60,0
DA:64,0
DA:65,0
DA:70,0
DA:90,0
DA:94,0
LF:18
LH:0
BRF:0
BRH:0
end_of_record
TN:
SF:/Users/yujianbo/Hypers/JiraAgileApp/app/components/NavBar.js
FN:13,(anonymous_0)
FNF:1
FNH:0
FNDA:0,(anonymous_0)
DA:20,0
DA:22,0
LF:2
LH:0
BRDA:24,0,0,0
BRDA:24,0,1,0
BRDA:32,1,0,0
BRDA:32,1,1,0
BRF:4
BRH:0
end_of_record
TN:
SF:/Users/yujianbo/Hypers/JiraAgileApp/app/components/SettingView.js
FN:29,(anonymous_0)
FN:36,(anonymous_1)
FN:40,(anonymous_2)
FN:45,(anonymous_3)
FN:51,(anonymous_4)
FN:63,(anonymous_5)
FN:110,mapDispatch2Props
FNF:7
FNH:0
FNDA:0,(anonymous_0)
FNDA:0,(anonymous_1)
FNDA:0,(anonymous_2)
FNDA:0,(anonymous_3)
FNDA:0,(anonymous_4)
FNDA:0,(anonymous_5)
FNDA:0,mapDispatch2Props
DA:30,0
DA:31,0
DA:37,0
DA:40,0
DA:41,0
DA:46,0
DA:47,0
DA:48,0
DA:52,0
DA:53,0
DA:54,0
DA:56,0
DA:58,0
DA:63,0
DA:99,2
DA:104,2
DA:111,0
DA:115,0
LF:18
LH:2
BRDA:40,0,0,0
BRDA:40,0,1,0
BRDA:52,1,0,0
BRDA:53,2,0,0
BRDA:53,2,1,0
BRDA:68,3,0,0
BRDA:68,3,1,0
BRF:7
BRH:0
end_of_record
TN:
SF:/Users/yujianbo/Hypers/JiraAgileApp/app/components/SliderEntry.js
FN:22,(anonymous_0)
FN:33,(anonymous_1)
FN:43,(anonymous_2)
FN:47,(anonymous_3)
FN:51,(anonymous_4)
FN:58,(anonymous_5)
FN:66,(anonymous_6)
FN:78,(anonymous_7)
FNF:8
FNH:0
FNDA:0,(anonymous_0)
FNDA:0,(anonymous_1)
FNDA:0,(anonymous_2)
FNDA:0,(anonymous_3)
FNDA:0,(anonymous_4)
FNDA:0,(anonymous_5)
FNDA:0,(anonymous_6)
FNDA:0,(anonymous_7)
DA:23,0
DA:24,0
DA:34,0
DA:35,0
DA:39,0
DA:44,0
DA:48,0
DA:52,0
DA:53,0
DA:54,0
DA:59,0
DA:60,0
DA:61,0
DA:67,0
DA:79,0
DA:80,0
DA:82,0
LF:17
LH:0
BRDA:35,0,0,0
BRDA:35,0,1,0
BRDA:53,1,0,0
BRDA:53,1,1,0
BRDA:62,2,0,0
BRDA:62,2,1,0
BRDA:70,3,0,0
BRDA:70,3,1,0
BRDA:87,4,0,0
BRDA:87,4,1,0
BRF:10
BRH:0
end_of_record
TN:
SF:/Users/yujianbo/Hypers/JiraAgileApp/app/components/Worklog.js
FN:33,(anonymous_0)
FN:41,(anonymous_1)
FN:49,(anonymous_2)
FN:52,(anonymous_3)
FN:54,(anonymous_4)
FN:62,(anonymous_5)
FN:64,(anonymous_6)
FN:66,(anonymous_7)
FN:75,(anonymous_8)
FN:96,mapDispatch2Props
FNF:10
FNH:0
FNDA:0,(anonymous_0)
FNDA:0,(anonymous_1)
FNDA:0,(anonymous_2)
FNDA:0,(anonymous_3)
FNDA:0,(anonymous_4)
FNDA:0,(anonymous_5)
FNDA:0,(anonymous_6)
FNDA:0,(anonymous_7)
FNDA:0,(anonymous_8)
FNDA:0,mapDispatch2Props
DA:34,0
DA:35,0
DA:36,0
DA:37,0
DA:40,0
DA:41,0
DA:42,0
DA:55,0
DA:62,0
DA:64,0
DA:67,0
DA:68,0
DA:69,0
DA:70,0
DA:75,0
DA:92,2
DA:97,0
DA:101,0
LF:18
LH:1
BRDA:40,0,0,0
BRDA:40,0,1,0
BRF:2
BRH:0
end_of_record
TN:
SF:/Users/yujianbo/Hypers/JiraAgileApp/app/components/WorklogForm.js
FN:37,(anonymous_0)
FN:46,(anonymous_1)
FN:62,(anonymous_2)
FN:71,(anonymous_3)
FN:74,(anonymous_4)
FN:82,(anonymous_5)
FN:110,(anonymous_6)
FN:116,(anonymous_7)
FN:121,(anonymous_8)
FN:124,(anonymous_9)
FN:127,(anonymous_10)
FN:136,(anonymous_11)
FN:181,(anonymous_12)
FN:185,(anonymous_13)
FN:198,mapDispatch2Props
FNF:15
FNH:0
FNDA:0,(anonymous_0)
FNDA:0,(anonymous_1)
FNDA:0,(anonymous_2)
FNDA:0,(anonymous_3)
FNDA:0,(anonymous_4)
FNDA:0,(anonymous_5)
FNDA:0,(anonymous_6)
FNDA:0,(anonymous_7)
FNDA:0,(anonymous_8)
FNDA:0,(anonymous_9)
FNDA:0,(anonymous_10)
FNDA:0,(anonymous_11)
FNDA:0,(anonymous_12)
FNDA:0,(anonymous_13)
FNDA:0,mapDispatch2Props
DA:38,0
DA:39,0
DA:47,0
DA:48,0
DA:49,0
DA:50,0
DA:52,0
DA:53,0
DA:54,0
DA:56,0
DA:57,0
DA:62,0
DA:63,0
DA:64,0
DA:66,0
DA:67,0
DA:75,0
DA:76,0
DA:77,0
DA:79,0
DA:80,0
DA:81,0
DA:82,0
DA:83,0
DA:84,0
DA:85,0
DA:86,0
DA:87,0
DA:88,0
DA:89,0
DA:90,0
DA:91,0
DA:93,0
DA:96,0
DA:97,0
DA:98,0
DA:103,0
DA:111,0
DA:117,0
DA:122,0
DA:125,0
DA:128,0
DA:129,0
DA:131,0
DA:136,0
DA:181,0
DA:185,0
DA:192,2
DA:199,0
DA:203,0
LF:50
LH:1
BRDA:48,0,0,0
BRDA:48,0,1,0
BRDA:52,1,0,0
BRDA:52,1,1,0
BRDA:63,2,0,0
BRDA:63,2,1,0
BRDA:76,3,0,0
BRDA:76,3,1,0
BRDA:81,4,0,0
BRDA:81,4,1,0
BRDA:84,5,0,0
BRDA:84,5,1,0
BRDA:86,6,0,0
BRDA:86,6,1,0
BRDA:88,7,0,0
BRDA:88,7,1,0
BRDA:90,8,0,0
BRDA:90,8,1,0
BRDA:97,9,0,0
BRDA:97,9,1,0
BRDA:122,10,0,0
BRDA:122,10,1,0
BRF:22
BRH:0
end_of_record
TN:
SF:/Users/yujianbo/Hypers/JiraAgileApp/app/components/WorklogItem.js
FN:18,formatSecond
FN:27,(anonymous_1)
FNF:2
FNH:2
FNDA:4,formatSecond
FNDA:1,(anonymous_1)
DA:19,4
DA:20,2
DA:22,2
DA:28,1
DA:29,1
LF:5
LH:5
BRDA:19,0,0,2
BRDA:19,0,1,2
BRDA:40,1,0,0
BRDA:40,1,1,1
BRF:4
BRH:3
end_of_record
TN:
SF:/Users/yujianbo/Hypers/JiraAgileApp/app/components/SvgUri/SvgUri.js
FN:68,fixYPosition
FN:70,(anonymous_1)
FN:83,(anonymous_2)
FN:104,(anonymous_3)
FN:108,(anonymous_4)
FN:126,(anonymous_5)
FN:130,(anonymous_6)
FN:146,(anonymous_7)
FN:212,(anonymous_8)
FN:214,(anonymous_9)
FN:226,(anonymous_10)
FN:236,(anonymous_11)
FN:264,(anonymous_12)
FNF:13
FNH:4
FNDA:0,fixYPosition
FNDA:0,(anonymous_1)
FNDA:1,(anonymous_2)
FNDA:1,(anonymous_3)
FNDA:0,(anonymous_4)
FNDA:0,(anonymous_5)
FNDA:1,(anonymous_6)
FNDA:0,(anonymous_7)
FNDA:0,(anonymous_8)
FNDA:0,(anonymous_9)
FNDA:0,(anonymous_10)
FNDA:0,(anonymous_11)
FNDA:1,(anonymous_12)
DA:26,5
DA:45,5
DA:46,5
DA:48,5
DA:49,5
DA:50,5
DA:51,5
DA:52,5
DA:53,5
DA:54,5
DA:55,5
DA:57,5
DA:59,5
DA:60,5
DA:62,5
DA:66,5
DA:69,0
DA:70,0
DA:71,0
DA:72,0
DA:75,0
DA:76,0
DA:78,0
DA:84,1
DA:86,1
DA:88,1
DA:89,1
DA:90,1
DA:91,1
DA:93,1
DA:96,1
DA:97,1
DA:98,1
DA:99,1
DA:105,1
DA:109,0
DA:110,0
DA:111,0
DA:112,0
DA:113,0
DA:117,0
DA:118,0
DA:121,0
DA:122,0
DA:127,0
DA:131,1
DA:132,1
DA:133,1
DA:134,0
DA:138,0
DA:139,0
DA:143,0
DA:147,0
DA:148,0
DA:149,0
DA:151,0
DA:152,0
DA:153,0
DA:155,0
DA:156,0
DA:159,0
DA:161,0
DA:162,0
DA:164,0
DA:165,0
DA:167,0
DA:168,0
DA:170,0
DA:171,0
DA:173,0
DA:174,0
DA:176,0
DA:178,0
DA:179,0
DA:181,0
DA:182,0
DA:184,0
DA:185,0
DA:187,0
DA:188,0
DA:190,0
DA:191,0
DA:193,0
DA:194,0
DA:196,0
DA:197,0
DA:198,0
DA:200,0
DA:202,0
DA:203,0
DA:204,0
DA:206,0
DA:208,0
DA:213,0
DA:214,0
DA:215,0
DA:222,0
DA:227,0
DA:228,0
DA:231,0
DA:233,0
DA:238,0
DA:239,0
DA:243,0
DA:247,0
DA:248,0
DA:249,0
DA:250,0
DA:251,0
DA:253,0
DA:254,0
DA:255,0
DA:261,0
DA:265,1
DA:266,1
DA:267,1
DA:271,0
DA:276,0
DA:277,0
DA:281,0
DA:282,0
DA:284,0
DA:285,0
DA:287,0
DA:294,0
DA:299,5
DA:308,5
LF:127
LH:36
BRDA:69,0,0,0
BRDA:69,0,1,0
BRDA:71,1,0,0
BRDA:71,1,1,0
BRDA:75,2,0,0
BRDA:75,2,1,0
BRDA:96,3,0,1
BRDA:96,3,1,0
BRDA:97,4,0,1
BRDA:97,4,1,0
BRDA:98,5,0,1
BRDA:98,5,1,0
BRDA:109,6,0,0
BRDA:109,6,1,0
BRDA:110,7,0,0
BRDA:110,7,1,0
BRDA:111,8,0,0
BRDA:111,8,1,0
BRDA:112,9,0,0
BRDA:112,9,1,0
BRDA:117,10,0,0
BRDA:117,10,1,0
BRDA:121,11,0,0
BRDA:121,11,1,0
BRDA:138,12,0,0
BRDA:138,12,1,0
BRDA:149,13,0,0
BRDA:149,13,1,0
BRDA:149,13,2,0
BRDA:149,13,3,0
BRDA:149,13,4,0
BRDA:149,13,5,0
BRDA:149,13,6,0
BRDA:149,13,7,0
BRDA:149,13,8,0
BRDA:149,13,9,0
BRDA:149,13,10,0
BRDA:149,13,11,0
BRDA:149,13,12,0
BRDA:149,13,13,0
BRDA:149,13,14,0
BRDA:149,13,15,0
BRDA:152,14,0,0
BRDA:152,14,1,0
BRDA:155,15,0,0
BRDA:155,15,1,0
BRDA:197,16,0,0
BRDA:197,16,1,0
BRDA:203,17,0,0
BRDA:203,17,1,0
BRDA:227,18,0,0
BRDA:227,18,1,0
BRDA:227,19,0,0
BRDA:227,19,1,0
BRDA:227,19,2,0
BRDA:238,20,0,0
BRDA:238,20,1,0
BRDA:247,21,0,0
BRDA:247,21,1,0
BRDA:247,22,0,0
BRDA:247,22,1,0
BRDA:250,23,0,0
BRDA:250,23,1,0
BRDA:250,24,0,0
BRDA:250,24,1,0
BRDA:250,24,2,0
BRDA:254,25,0,0
BRDA:254,25,1,0
BRDA:266,26,0,1
BRDA:266,26,1,0
BRDA:276,27,0,0
BRDA:276,27,1,0
BRDA:282,28,0,0
BRDA:282,28,1,0
BRDA:285,29,0,0
BRDA:285,29,1,0
BRF:76
BRH:4
end_of_record
TN:
SF:/Users/yujianbo/Hypers/JiraAgileApp/app/components/SvgUri/index.js
FN:4,(anonymous_0)
FN:6,(anonymous_1)
FNF:2
FNH:2
FNDA:3,(anonymous_0)
FNDA:1,(anonymous_1)
DA:4,3
DA:5,3
DA:6,3
DA:7,1
DA:8,1
DA:9,1
DA:10,1
DA:11,1
DA:13,1
DA:19,1
DA:25,1
DA:27,1
DA:29,0
LF:13
LH:12
BRDA:8,0,0,1
BRDA:8,0,1,0
BRDA:8,1,0,1
BRDA:8,1,1,1
BRDA:11,2,0,1
BRDA:11,2,1,0
BRDA:11,3,0,1
BRDA:11,3,1,0
BRDA:11,3,2,0
BRDA:11,3,3,0
BRDA:11,3,4,0
BRF:11
BRH:5
end_of_record
TN:
SF:/Users/yujianbo/Hypers/JiraAgileApp/app/components/SvgUri/utils.js
FN:1,(anonymous_0)
FN:1,(anonymous_1)
FN:3,(anonymous_2)
FN:5,(anonymous_3)
FN:7,(anonymous_4)
FN:10,(anonymous_5)
FN:21,(anonymous_6)
FN:21,(anonymous_7)
FNF:8
FNH:0
FNDA:0,(anonymous_0)
FNDA:0,(anonymous_1)
FNDA:0,(anonymous_2)
FNDA:0,(anonymous_3)
FNDA:0,(anonymous_4)
FNDA:0,(anonymous_5)
FNDA:0,(anonymous_6)
FNDA:0,(anonymous_7)
DA:1,5
DA:3,5
DA:5,5
DA:7,5
DA:8,0
DA:9,0
DA:11,0
DA:12,0
DA:13,0
DA:15,0
DA:18,0
DA:21,5
LF:12
LH:5
BRDA:8,0,0,0
BRDA:8,0,1,0
BRDA:12,1,0,0
BRDA:12,1,1,0
BRDA:15,2,0,0
BRDA:15,2,1,0
BRDA:15,3,0,0
BRDA:15,3,1,0
BRF:8
BRH:0
end_of_record
TN:
SF:/Users/yujianbo/Hypers/JiraAgileApp/app/components/common/DatePicker.js
FN:26,(anonymous_0)
FN:32,(anonymous_1)
FN:42,(anonymous_2)
FN:56,(anonymous_3)
FN:69,(anonymous_4)
FN:81,(anonymous_5)
FN:94,(anonymous_6)
FN:99,(anonymous_7)
FNF:8
FNH:0
FNDA:0,(anonymous_0)
FNDA:0,(anonymous_1)
FNDA:0,(anonymous_2)
FNDA:0,(anonymous_3)
FNDA:0,(anonymous_4)
FNDA:0,(anonymous_5)
FNDA:0,(anonymous_6)
FNDA:0,(anonymous_7)
DA:18,2
DA:19,2
DA:21,2
DA:27,0
DA:28,0
DA:33,0
DA:34,0
DA:35,0
DA:39,0
DA:40,0
DA:43,0
DA:44,0
DA:51,0
DA:52,0
DA:57,0
DA:58,0
DA:65,0
DA:67,0
DA:70,0
DA:71,0
DA:77,0
DA:82,0
DA:83,0
DA:95,0
DA:100,0
DA:101,0
DA:102,0
DA:128,0
DA:133,2
DA:139,2
LF:30
LH:5
BRDA:34,0,0,0
BRDA:34,0,1,0
BRDA:39,1,0,0
BRDA:39,1,1,0
BRDA:43,2,0,0
BRDA:43,2,1,0
BRDA:51,3,0,0
BRDA:51,3,1,0
BRDA:57,4,0,0
BRDA:57,4,1,0
BRDA:70,5,0,0
BRDA:70,5,1,0
BRDA:82,6,0,0
BRDA:82,6,1,0
BRDA:101,7,0,0
BRDA:101,7,1,0
BRF:16
BRH:0
end_of_record
TN:
SF:/Users/yujianbo/Hypers/JiraAgileApp/app/components/common/Button/index.js
FN:17,(anonymous_0)
FN:38,(anonymous_1)
FN:58,(anonymous_2)
FN:67,(anonymous_3)
FN:78,(anonymous_4)
FN:83,(anonymous_5)
FN:86,(anonymous_6)
FN:88,(anonymous_7)
FNF:8
FNH:0
FNDA:0,(anonymous_0)
FNDA:0,(anonymous_1)
FNDA:0,(anonymous_2)
FNDA:0,(anonymous_3)
FNDA:0,(anonymous_4)
FNDA:0,(anonymous_5)
FNDA:0,(anonymous_6)
FNDA:0,(anonymous_7)
DA:17,2
DA:18,0
DA:33,2
DA:38,2
DA:39,0
DA:59,0
DA:60,0
DA:68,0
DA:69,0
DA:79,0
DA:84,0
DA:86,0
DA:87,0
DA:88,0
DA:94,0
LF:15
LH:3
BRDA:95,0,0,0
BRDA:95,0,1,0
BRF:2
BRH:0
end_of_record
TN:
SF:/Users/yujianbo/Hypers/JiraAgileApp/app/components/common/Button/style.js
FNF:0
FNH:0
LF:0
LH:0
BRF:0
BRH:0
end_of_record
TN:
SF:/Users/yujianbo/Hypers/JiraAgileApp/app/components/common/Layout/index.js
FN:10,(anonymous_0)
FN:20,(anonymous_1)
FN:28,(anonymous_2)
FNF:3
FNH:0
FNDA:0,(anonymous_0)
FNDA:0,(anonymous_1)
FNDA:0,(anonymous_2)
DA:10,2
DA:11,0
DA:20,2
DA:21,0
DA:28,2
DA:29,0
DA:32,0
LF:7
LH:3
BRDA:29,0,0,0
BRDA:29,0,1,0
BRF:2
BRH:0
end_of_record
TN:
SF:/Users/yujianbo/Hypers/JiraAgileApp/app/components/common/Layout/style.js
FNF:0
FNH:0
LF:0
LH:0
BRF:0
BRH:0
end_of_record
TN:
SF:/Users/yujianbo/Hypers/JiraAgileApp/app/components/common/List/index.js
FN:17,(anonymous_0)
FN:28,(anonymous_1)
FN:49,(anonymous_2)
FN:57,(anonymous_3)
FN:63,(anonymous_4)
FNF:5
FNH:0
FNDA:0,(anonymous_0)
FNDA:0,(anonymous_1)
FNDA:0,(anonymous_2)
FNDA:0,(anonymous_3)
FNDA:0,(anonymous_4)
DA:17,2
DA:18,0
DA:28,2
DA:29,0
DA:49,2
DA:50,0
DA:57,2
DA:58,0
DA:63,2
DA:64,0
LF:10
LH:5
BRF:0
BRH:0
end_of_record
TN:
SF:/Users/yujianbo/Hypers/JiraAgileApp/app/components/common/List/style.js
FNF:0
FNH:0
LF:0
LH:0
BRF:0
BRH:0
end_of_record
TN:
SF:/Users/yujianbo/Hypers/JiraAgileApp/app/constants/APIs.js
FNF:0
FNH:0
DA:1,3
DA:2,3
DA:3,3
DA:4,3
DA:5,3
DA:6,3
DA:8,3
DA:9,3
DA:10,3
DA:11,3
DA:12,3
DA:13,3
DA:14,3
LF:13
LH:13
BRF:0
BRH:0
end_of_record
TN:
SF:/Users/yujianbo/Hypers/JiraAgileApp/app/constants/ActionTypes.js
FNF:0
FNH:0
DA:1,3
DA:2,3
DA:3,3
DA:4,3
DA:6,3
DA:7,3
DA:8,3
DA:9,3
DA:10,3
DA:11,3
DA:12,3
LF:11
LH:11
BRF:0
BRH:0
end_of_record
TN:
SF:/Users/yujianbo/Hypers/JiraAgileApp/app/constants/data.js
FNF:0
FNH:0
DA:1,2
LF:1
LH:1
BRF:0
BRH:0
end_of_record
TN:
SF:/Users/yujianbo/Hypers/JiraAgileApp/app/locales/index.js
FNF:0
FNH:0
LF:0
LH:0
BRF:0
BRH:0
end_of_record
TN:
SF:/Users/yujianbo/Hypers/JiraAgileApp/app/locales/en-US/index.js
FNF:0
FNH:0
LF:0
LH:0
BRF:0
BRH:0
end_of_record
TN:
SF:/Users/yujianbo/Hypers/JiraAgileApp/app/locales/zh-CN/index.js
FNF:0
FNH:0
LF:0
LH:0
BRF:0
BRH:0
end_of_record
TN:
SF:/Users/yujianbo/Hypers/JiraAgileApp/app/reducers/allDataReducer.js
FN:12,(anonymous_0)
FNF:1
FNH:1
FNDA:31,(anonymous_0)
DA:3,3
DA:12,3
DA:13,31
DA:15,2
DA:21,2
DA:27,2
DA:33,4
DA:39,2
DA:45,2
DA:50,2
DA:56,2
DA:62,13
LF:12
LH:12
BRDA:12,0,0,9
BRDA:13,1,0,2
BRDA:13,1,1,2
BRDA:13,1,2,2
BRDA:13,1,3,4
BRDA:13,1,4,2
BRDA:13,1,5,2
BRDA:13,1,6,2
BRDA:13,1,7,2
BRDA:13,1,8,13
BRF:10
BRH:10
end_of_record
TN:
SF:/Users/yujianbo/Hypers/JiraAgileApp/app/reducers/index.js
FNF:0
FNH:0
DA:6,3
LF:1
LH:1
BRF:0
BRH:0
end_of_record
TN:
SF:/Users/yujianbo/Hypers/JiraAgileApp/app/reducers/routes.js
FN:7,reducer
FNF:1
FNH:1
FNDA:31,reducer
DA:3,3
DA:8,31
DA:10,0
DA:15,31
LF:4
LH:3
BRDA:7,0,0,9
BRDA:7,1,0,0
BRDA:8,2,0,0
BRDA:8,2,1,31
BRF:4
BRH:2
end_of_record
TN:
SF:/Users/yujianbo/Hypers/JiraAgileApp/app/reducers/sessionReducer.js
FN:10,(anonymous_0)
FNF:1
FNH:1
FNDA:31,(anonymous_0)
DA:3,3
DA:10,3
DA:11,31
DA:13,2
DA:20,1
DA:24,1
DA:29,27
LF:7
LH:7
BRDA:10,0,0,9
BRDA:11,1,0,2
BRDA:11,1,1,1
BRDA:11,1,2,1
BRDA:11,1,3,27
BRF:5
BRH:5
end_of_record
TN:
SF:/Users/yujianbo/Hypers/JiraAgileApp/app/styles/App.style.js
FNF:0
FNH:0
LF:0
LH:0
BRF:0
BRH:0
end_of_record
TN:
SF:/Users/yujianbo/Hypers/JiraAgileApp/app/styles/BoardView.style.js
FN:3,wp
FNF:1
FNH:1
FNDA:4,wp
DA:4,4
DA:5,4
DA:7,2
DA:8,2
DA:9,2
DA:10,2
DA:12,2
DA:13,2
LF:8
LH:8
BRF:0
BRH:0
end_of_record
TN:
SF:/Users/yujianbo/Hypers/JiraAgileApp/app/styles/DetailView.style.js
FNF:0
FNH:0
LF:0
LH:0
BRF:0
BRH:0
end_of_record
TN:
SF:/Users/yujianbo/Hypers/JiraAgileApp/app/styles/LoadingView.style.js
FNF:0
FNH:0
LF:0
LH:0
BRF:0
BRH:0
end_of_record
TN:
SF:/Users/yujianbo/Hypers/JiraAgileApp/app/styles/LoginView.style.js
FNF:0
FNH:0
LF:0
LH:0
BRF:0
BRH:0
end_of_record
TN:
SF:/Users/yujianbo/Hypers/JiraAgileApp/app/styles/Menu.style.js
FNF:0
FNH:0
DA:3,2
LF:1
LH:1
BRF:0
BRH:0
end_of_record
TN:
SF:/Users/yujianbo/Hypers/JiraAgileApp/app/styles/NavBar.style.js
FNF:0
FNH:0
LF:0
LH:0
BRF:0
BRH:0
end_of_record
TN:
SF:/Users/yujianbo/Hypers/JiraAgileApp/app/styles/SettingView.style.js
FNF:0
FNH:0
LF:0
LH:0
BRF:0
BRH:0
end_of_record
TN:
SF:/Users/yujianbo/Hypers/JiraAgileApp/app/styles/SliderEntry.style.js
FN:11,wp
FNF:1
FNH:1
FNDA:6,wp
DA:3,3
DA:9,3
DA:12,6
DA:13,6
DA:16,3
DA:17,3
DA:18,3
DA:20,3
DA:21,3
DA:23,3
LF:10
LH:10
BRF:0
BRH:0
end_of_record
TN:
SF:/Users/yujianbo/Hypers/JiraAgileApp/app/styles/Worklog.style.js
FNF:0
FNH:0
LF:0
LH:0
BRF:0
BRH:0
end_of_record
TN:
SF:/Users/yujianbo/Hypers/JiraAgileApp/app/styles/WorklogForm.style.js
FNF:0
FNH:0
DA:7,2
DA:9,2
LF:2
LH:2
BRF:0
BRH:0
end_of_record
TN:
SF:/Users/yujianbo/Hypers/JiraAgileApp/app/utils/commen.js
FN:1,getMatches
FNF:1
FNH:0
FNDA:0,getMatches
DA:2,0
DA:3,0
DA:4,0
DA:5,0
DA:6,0
DA:8,0
DA:11,0
LF:7
LH:0
BRDA:5,0,0,0
BRDA:5,0,1,0
BRF:2
BRH:0
end_of_record
TN:
SF:/Users/yujianbo/Hypers/JiraAgileApp/app/utils/fetchData.js
FN:5,fetchData
FN:16,(anonymous_1)
FN:17,(anonymous_2)
FN:20,(anonymous_3)
FNF:4
FNH:3
FNDA:10,fetchData
FNDA:10,(anonymous_1)
FNDA:10,(anonymous_2)
FNDA:0,(anonymous_3)
DA:6,10
DA:15,10
DA:16,10
DA:18,10
DA:21,0
LF:5
LH:4
BRF:0
BRH:0
end_of_record
